[      65ms] [ERROR] init error: TypeError: Cannot read properties of undefined (reading 'invoke')
    at invoke (http://localhost:5173/node_modules/.vite/deps/chunk-ES5NGWZA.js?v=e02ede73:109:37)
    at init (http://localhost:5173/src/App.tsx:34:31)
    at http://localhost:5173/src/App.tsx:50:10
    at Object.react_stack_bottom_frame (http://localhost:5173/node_modules/.vite/deps/react-dom_client.js?v=e02ede73:18567:20)
    at runWithFiberInDEV (http://localhost:5173/node_modules/.vite/deps/react-dom_client.js?v=e02ede73:997:72)
    at commitHookEffectListMount (http://localhost:5173/node_modules/.vite/deps/react-dom_client.js?v=e02ede73:9411:163)
    at commitHookPassiveMountEffects (http://localhost:5173/node_modules/.vite/deps/react-dom_client.js?v=e02ede73:9465:60)
    at commitPassiveMountOnFiber (http://localhost:5173/node_modules/.vite/deps/react-dom_client.js?v=e02ede73:11040:29)
    at recursivelyTraversePassiveMountEffects (http://localhost:5173/node_modules/.vite/deps/react-dom_client.js?v=e02ede73:11010:13)
    at commitPassiveMountOnFiber (http://localhost:5173/node_modules/.vite/deps/react-dom_client.js?v=e02ede73:11201:13) @ http://localhost:5173/src/App.tsx:43
[      66ms] [ERROR] init error: TypeError: Cannot read properties of undefined (reading 'invoke')
    at invoke (http://localhost:5173/node_modules/.vite/deps/chunk-ES5NGWZA.js?v=e02ede73:109:37)
    at init (http://localhost:5173/src/App.tsx:34:31)
    at http://localhost:5173/src/App.tsx:50:10
    at Object.react_stack_bottom_frame (http://localhost:5173/node_modules/.vite/deps/react-dom_client.js?v=e02ede73:18567:20)
    at runWithFiberInDEV (http://localhost:5173/node_modules/.vite/deps/react-dom_client.js?v=e02ede73:997:72)
    at commitHookEffectListMount (http://localhost:5173/node_modules/.vite/deps/react-dom_client.js?v=e02ede73:9411:163)
    at commitHookPassiveMountEffects (http://localhost:5173/node_modules/.vite/deps/react-dom_client.js?v=e02ede73:9465:60)
    at reconnectPassiveEffects (http://localhost:5173/node_modules/.vite/deps/react-dom_client.js?v=e02ede73:11273:13)
    at recursivelyTraverseReconnectPassiveEffects (http://localhost:5173/node_modules/.vite/deps/react-dom_client.js?v=e02ede73:11240:11)
    at reconnectPassiveEffects (http://localhost:5173/node_modules/.vite/deps/react-dom_client.js?v=e02ede73:11317:13) @ http://localhost:5173/src/App.tsx:43
