[      28ms] [ERROR] init error: TypeError: Cannot read properties of undefined (reading 'invoke')
    at invoke (http://localhost:5173/node_modules/.vite/deps/chunk-ES5NGWZA.js?v=e02ede73:109:37)
    at init (http://localhost:5173/src/App.tsx:34:31)
    at http://localhost:5173/src/App.tsx:50:10
    at Object.react_stack_bottom_frame (http://localhost:5173/node_modules/.vite/deps/react-dom_client.js?v=e02ede73:18567:20)
    at runWithFiberInDEV (http://localhost:5173/node_modules/.vite/deps/react-dom_client.js?v=e02ede73:997:72)
    at commitHookEffectListMount (http://localhost:5173/node_modules/.vite/deps/react-dom_client.js?v=e02ede73:9411:163)
    at commitHookPassiveMountEffects (http://localhost:5173/node_modules/.vite/deps/react-dom_client.js?v=e02ede73:9465:60)
    at commitPassiveMountOnFiber (http://localhost:5173/node_modules/.vite/deps/react-dom_client.js?v=e02ede73:11040:29)
    at recursivelyTraversePassiveMountEffects (http://localhost:5173/node_modules/.vite/deps/react-dom_client.js?v=e02ede73:11010:13)
    at commitPassiveMountOnFiber (http://localhost:5173/node_modules/.vite/deps/react-dom_client.js?v=e02ede73:11201:13) @ http://localhost:5173/src/App.tsx:43
[      28ms] [ERROR] init error: TypeError: Cannot read properties of undefined (reading 'invoke')
    at invoke (http://localhost:5173/node_modules/.vite/deps/chunk-ES5NGWZA.js?v=e02ede73:109:37)
    at init (http://localhost:5173/src/App.tsx:34:31)
    at http://localhost:5173/src/App.tsx:50:10
    at Object.react_stack_bottom_frame (http://localhost:5173/node_modules/.vite/deps/react-dom_client.js?v=e02ede73:18567:20)
    at runWithFiberInDEV (http://localhost:5173/node_modules/.vite/deps/react-dom_client.js?v=e02ede73:997:72)
    at commitHookEffectListMount (http://localhost:5173/node_modules/.vite/deps/react-dom_client.js?v=e02ede73:9411:163)
    at commitHookPassiveMountEffects (http://localhost:5173/node_modules/.vite/deps/react-dom_client.js?v=e02ede73:9465:60)
    at reconnectPassiveEffects (http://localhost:5173/node_modules/.vite/deps/react-dom_client.js?v=e02ede73:11273:13)
    at recursivelyTraverseReconnectPassiveEffects (http://localhost:5173/node_modules/.vite/deps/react-dom_client.js?v=e02ede73:11240:11)
    at reconnectPassiveEffects (http://localhost:5173/node_modules/.vite/deps/react-dom_client.js?v=e02ede73:11317:13) @ http://localhost:5173/src/App.tsx:43
[  106459ms] ReferenceError: useRef is not defined
    at App (http://localhost:5173/src/App.tsx?t=1773610438232:29:23)
    at Object.react_stack_bottom_frame (http://localhost:5173/node_modules/.vite/deps/react-dom_client.js?v=e02ede73:18509:20)
    at renderWithHooks (http://localhost:5173/node_modules/.vite/deps/react-dom_client.js?v=e02ede73:5654:24)
    at updateFunctionComponent (http://localhost:5173/node_modules/.vite/deps/react-dom_client.js?v=e02ede73:7475:21)
    at beginWork (http://localhost:5173/node_modules/.vite/deps/react-dom_client.js?v=e02ede73:8525:20)
    at runWithFiberInDEV (http://localhost:5173/node_modules/.vite/deps/react-dom_client.js?v=e02ede73:997:72)
    at performUnitOfWork (http://localhost:5173/node_modules/.vite/deps/react-dom_client.js?v=e02ede73:12561:98)
    at workLoopSync (http://localhost:5173/node_modules/.vite/deps/react-dom_client.js?v=e02ede73:12424:43)
    at renderRootSync (http://localhost:5173/node_modules/.vite/deps/react-dom_client.js?v=e02ede73:12408:13)
    at performWorkOnRoot (http://localhost:5173/node_modules/.vite/deps/react-dom_client.js?v=e02ede73:11827:37)
[  106459ms] [WARNING] %s

%s
 An error occurred in the <App> component. Consider adding an error boundary to your tree to customize error handling behavior.
Visit https://react.dev/link/error-boundaries to learn more about error boundaries. @ http://localhost:5173/node_modules/.vite/deps/react-dom_client.js?v=e02ede73:6965
[  111395ms] [ERROR] init error: TypeError: Cannot read properties of undefined (reading 'invoke')
    at invoke (http://localhost:5173/node_modules/.vite/deps/chunk-ES5NGWZA.js?v=e02ede73:109:37)
    at init (http://localhost:5173/src/App.tsx?t=1773610443172:30:31)
    at http://localhost:5173/src/App.tsx?t=1773610443172:46:10
    at Object.react_stack_bottom_frame (http://localhost:5173/node_modules/.vite/deps/react-dom_client.js?v=e02ede73:18567:20)
    at runWithFiberInDEV (http://localhost:5173/node_modules/.vite/deps/react-dom_client.js?v=e02ede73:997:72)
    at commitHookEffectListMount (http://localhost:5173/node_modules/.vite/deps/react-dom_client.js?v=e02ede73:9411:163)
    at commitHookPassiveMountEffects (http://localhost:5173/node_modules/.vite/deps/react-dom_client.js?v=e02ede73:9465:60)
    at commitPassiveMountOnFiber (http://localhost:5173/node_modules/.vite/deps/react-dom_client.js?v=e02ede73:11040:29)
    at recursivelyTraversePassiveMountEffects (http://localhost:5173/node_modules/.vite/deps/react-dom_client.js?v=e02ede73:11010:13)
    at commitPassiveMountOnFiber (http://localhost:5173/node_modules/.vite/deps/react-dom_client.js?v=e02ede73:11201:13) @ http://localhost:5173/src/App.tsx?t=1773610443172:39
[  111395ms] [ERROR] init error: TypeError: Cannot read properties of undefined (reading 'invoke')
    at invoke (http://localhost:5173/node_modules/.vite/deps/chunk-ES5NGWZA.js?v=e02ede73:109:37)
    at init (http://localhost:5173/src/App.tsx?t=1773610443172:30:31)
    at http://localhost:5173/src/App.tsx?t=1773610443172:46:10
    at Object.react_stack_bottom_frame (http://localhost:5173/node_modules/.vite/deps/react-dom_client.js?v=e02ede73:18567:20)
    at runWithFiberInDEV (http://localhost:5173/node_modules/.vite/deps/react-dom_client.js?v=e02ede73:997:72)
    at commitHookEffectListMount (http://localhost:5173/node_modules/.vite/deps/react-dom_client.js?v=e02ede73:9411:163)
    at commitHookPassiveMountEffects (http://localhost:5173/node_modules/.vite/deps/react-dom_client.js?v=e02ede73:9465:60)
    at reconnectPassiveEffects (http://localhost:5173/node_modules/.vite/deps/react-dom_client.js?v=e02ede73:11273:13)
    at recursivelyTraverseReconnectPassiveEffects (http://localhost:5173/node_modules/.vite/deps/react-dom_client.js?v=e02ede73:11240:11)
    at reconnectPassiveEffects (http://localhost:5173/node_modules/.vite/deps/react-dom_client.js?v=e02ede73:11317:13) @ http://localhost:5173/src/App.tsx?t=1773610443172:39
[  163743ms] [ERROR] init error: TypeError: Cannot read properties of undefined (reading 'invoke')
    at invoke (http://localhost:5173/node_modules/.vite/deps/chunk-ES5NGWZA.js?v=e02ede73:109:37)
    at init (http://localhost:5173/src/App.tsx?t=1773610459201:30:31)
    at http://localhost:5173/src/App.tsx?t=1773610459201:46:10
    at Object.react_stack_bottom_frame (http://localhost:5173/node_modules/.vite/deps/react-dom_client.js?v=e02ede73:18567:20)
    at runWithFiberInDEV (http://localhost:5173/node_modules/.vite/deps/react-dom_client.js?v=e02ede73:997:72)
    at commitHookEffectListMount (http://localhost:5173/node_modules/.vite/deps/react-dom_client.js?v=e02ede73:9411:163)
    at commitHookPassiveMountEffects (http://localhost:5173/node_modules/.vite/deps/react-dom_client.js?v=e02ede73:9465:60)
    at commitPassiveMountOnFiber (http://localhost:5173/node_modules/.vite/deps/react-dom_client.js?v=e02ede73:11040:29)
    at recursivelyTraversePassiveMountEffects (http://localhost:5173/node_modules/.vite/deps/react-dom_client.js?v=e02ede73:11010:13)
    at commitPassiveMountOnFiber (http://localhost:5173/node_modules/.vite/deps/react-dom_client.js?v=e02ede73:11201:13) @ http://localhost:5173/src/App.tsx?t=1773610459201:39
[  163743ms] [ERROR] init error: TypeError: Cannot read properties of undefined (reading 'invoke')
    at invoke (http://localhost:5173/node_modules/.vite/deps/chunk-ES5NGWZA.js?v=e02ede73:109:37)
    at init (http://localhost:5173/src/App.tsx?t=1773610459201:30:31)
    at http://localhost:5173/src/App.tsx?t=1773610459201:46:10
    at Object.react_stack_bottom_frame (http://localhost:5173/node_modules/.vite/deps/react-dom_client.js?v=e02ede73:18567:20)
    at runWithFiberInDEV (http://localhost:5173/node_modules/.vite/deps/react-dom_client.js?v=e02ede73:997:72)
    at commitHookEffectListMount (http://localhost:5173/node_modules/.vite/deps/react-dom_client.js?v=e02ede73:9411:163)
    at commitHookPassiveMountEffects (http://localhost:5173/node_modules/.vite/deps/react-dom_client.js?v=e02ede73:9465:60)
    at reconnectPassiveEffects (http://localhost:5173/node_modules/.vite/deps/react-dom_client.js?v=e02ede73:11273:13)
    at recursivelyTraverseReconnectPassiveEffects (http://localhost:5173/node_modules/.vite/deps/react-dom_client.js?v=e02ede73:11240:11)
    at reconnectPassiveEffects (http://localhost:5173/node_modules/.vite/deps/react-dom_client.js?v=e02ede73:11317:13) @ http://localhost:5173/src/App.tsx?t=1773610459201:39
[  183265ms] [ERROR] init error: TypeError: Cannot read properties of undefined (reading 'invoke')
    at invoke (http://localhost:5173/node_modules/.vite/deps/chunk-ES5NGWZA.js?v=e02ede73:109:37)
    at init (http://localhost:5173/src/App.tsx?t=1773610459201:30:31)
    at http://localhost:5173/src/App.tsx?t=1773610459201:46:10
    at Object.react_stack_bottom_frame (http://localhost:5173/node_modules/.vite/deps/react-dom_client.js?v=e02ede73:18567:20)
    at runWithFiberInDEV (http://localhost:5173/node_modules/.vite/deps/react-dom_client.js?v=e02ede73:997:72)
    at commitHookEffectListMount (http://localhost:5173/node_modules/.vite/deps/react-dom_client.js?v=e02ede73:9411:163)
    at commitHookPassiveMountEffects (http://localhost:5173/node_modules/.vite/deps/react-dom_client.js?v=e02ede73:9465:60)
    at commitPassiveMountOnFiber (http://localhost:5173/node_modules/.vite/deps/react-dom_client.js?v=e02ede73:11040:29)
    at recursivelyTraversePassiveMountEffects (http://localhost:5173/node_modules/.vite/deps/react-dom_client.js?v=e02ede73:11010:13)
    at commitPassiveMountOnFiber (http://localhost:5173/node_modules/.vite/deps/react-dom_client.js?v=e02ede73:11201:13) @ http://localhost:5173/src/App.tsx?t=1773610459201:39
[  183265ms] [ERROR] init error: TypeError: Cannot read properties of undefined (reading 'invoke')
    at invoke (http://localhost:5173/node_modules/.vite/deps/chunk-ES5NGWZA.js?v=e02ede73:109:37)
    at init (http://localhost:5173/src/App.tsx?t=1773610459201:30:31)
    at http://localhost:5173/src/App.tsx?t=1773610459201:46:10
    at Object.react_stack_bottom_frame (http://localhost:5173/node_modules/.vite/deps/react-dom_client.js?v=e02ede73:18567:20)
    at runWithFiberInDEV (http://localhost:5173/node_modules/.vite/deps/react-dom_client.js?v=e02ede73:997:72)
    at commitHookEffectListMount (http://localhost:5173/node_modules/.vite/deps/react-dom_client.js?v=e02ede73:9411:163)
    at commitHookPassiveMountEffects (http://localhost:5173/node_modules/.vite/deps/react-dom_client.js?v=e02ede73:9465:60)
    at reconnectPassiveEffects (http://localhost:5173/node_modules/.vite/deps/react-dom_client.js?v=e02ede73:11273:13)
    at recursivelyTraverseReconnectPassiveEffects (http://localhost:5173/node_modules/.vite/deps/react-dom_client.js?v=e02ede73:11240:11)
    at reconnectPassiveEffects (http://localhost:5173/node_modules/.vite/deps/react-dom_client.js?v=e02ede73:11317:13) @ http://localhost:5173/src/App.tsx?t=1773610459201:39
[ 2588734ms] [ERROR] init error: TypeError: Cannot read properties of undefined (reading 'invoke')
    at invoke (http://localhost:5173/node_modules/.vite/deps/chunk-ES5NGWZA.js?v=e02ede73:109:37)
    at init (http://localhost:5173/src/App.tsx?t=1773610459201:30:31)
    at http://localhost:5173/src/App.tsx?t=1773610459201:46:10
    at Object.react_stack_bottom_frame (http://localhost:5173/node_modules/.vite/deps/react-dom_client.js?v=e02ede73:18567:20)
    at runWithFiberInDEV (http://localhost:5173/node_modules/.vite/deps/react-dom_client.js?v=e02ede73:997:72)
    at commitHookEffectListMount (http://localhost:5173/node_modules/.vite/deps/react-dom_client.js?v=e02ede73:9411:163)
    at commitHookPassiveMountEffects (http://localhost:5173/node_modules/.vite/deps/react-dom_client.js?v=e02ede73:9465:60)
    at commitPassiveMountOnFiber (http://localhost:5173/node_modules/.vite/deps/react-dom_client.js?v=e02ede73:11040:29)
    at recursivelyTraversePassiveMountEffects (http://localhost:5173/node_modules/.vite/deps/react-dom_client.js?v=e02ede73:11010:13)
    at commitPassiveMountOnFiber (http://localhost:5173/node_modules/.vite/deps/react-dom_client.js?v=e02ede73:11201:13) @ http://localhost:5173/src/App.tsx?t=1773610459201:39
[ 2588734ms] [ERROR] init error: TypeError: Cannot read properties of undefined (reading 'invoke')
    at invoke (http://localhost:5173/node_modules/.vite/deps/chunk-ES5NGWZA.js?v=e02ede73:109:37)
    at init (http://localhost:5173/src/App.tsx?t=1773610459201:30:31)
    at http://localhost:5173/src/App.tsx?t=1773610459201:46:10
    at Object.react_stack_bottom_frame (http://localhost:5173/node_modules/.vite/deps/react-dom_client.js?v=e02ede73:18567:20)
    at runWithFiberInDEV (http://localhost:5173/node_modules/.vite/deps/react-dom_client.js?v=e02ede73:997:72)
    at commitHookEffectListMount (http://localhost:5173/node_modules/.vite/deps/react-dom_client.js?v=e02ede73:9411:163)
    at commitHookPassiveMountEffects (http://localhost:5173/node_modules/.vite/deps/react-dom_client.js?v=e02ede73:9465:60)
    at reconnectPassiveEffects (http://localhost:5173/node_modules/.vite/deps/react-dom_client.js?v=e02ede73:11273:13)
    at recursivelyTraverseReconnectPassiveEffects (http://localhost:5173/node_modules/.vite/deps/react-dom_client.js?v=e02ede73:11240:11)
    at reconnectPassiveEffects (http://localhost:5173/node_modules/.vite/deps/react-dom_client.js?v=e02ede73:11317:13) @ http://localhost:5173/src/App.tsx?t=1773610459201:39
[ 2696773ms] [ERROR] Invalid hook call. Hooks can only be called inside of the body of a function component. This could happen for one of the following reasons:
1. You might have mismatching versions of React and the renderer (such as React DOM)
2. You might be breaking the Rules of Hooks
3. You might have more than one copy of React in the same app
See https://react.dev/link/invalid-hook-call for tips about how to debug and fix this problem. @ http://localhost:5173/node_modules/.vite/deps/chunk-JF5QZ4D2.js?v=5cf50dfa:391
[ 2696773ms] [ERROR] Invalid hook call. Hooks can only be called inside of the body of a function component. This could happen for one of the following reasons:
1. You might have mismatching versions of React and the renderer (such as React DOM)
2. You might be breaking the Rules of Hooks
3. You might have more than one copy of React in the same app
See https://react.dev/link/invalid-hook-call for tips about how to debug and fix this problem. @ http://localhost:5173/node_modules/.vite/deps/chunk-JF5QZ4D2.js?v=5cf50dfa:391
[ 2696784ms] TypeError: Cannot read properties of null (reading 'useContext')
    at exports.useContext (http://localhost:5173/node_modules/.vite/deps/chunk-JF5QZ4D2.js?v=5cf50dfa:911:27)
    at useIsRSCRouterContext (http://localhost:5173/node_modules/.vite/deps/react-router.js?v=4ea2d502:5939:16)
    at RouterProvider (http://localhost:5173/node_modules/.vite/deps/react-router.js?v=4ea2d502:6827:22)
    at Object.react_stack_bottom_frame (http://localhost:5173/node_modules/.vite/deps/react-dom_client.js?v=e02ede73:18509:20)
    at renderWithHooks (http://localhost:5173/node_modules/.vite/deps/react-dom_client.js?v=e02ede73:5654:24)
    at updateFunctionComponent (http://localhost:5173/node_modules/.vite/deps/react-dom_client.js?v=e02ede73:7475:21)
    at beginWork (http://localhost:5173/node_modules/.vite/deps/react-dom_client.js?v=e02ede73:8525:20)
    at runWithFiberInDEV (http://localhost:5173/node_modules/.vite/deps/react-dom_client.js?v=e02ede73:997:72)
    at performUnitOfWork (http://localhost:5173/node_modules/.vite/deps/react-dom_client.js?v=e02ede73:12561:98)
    at workLoopSync (http://localhost:5173/node_modules/.vite/deps/react-dom_client.js?v=e02ede73:12424:43)
[ 2696773ms] [WARNING] %s

%s
 An error occurred in the <RouterProvider> component. Consider adding an error boundary to your tree to customize error handling behavior.
Visit https://react.dev/link/error-boundaries to learn more about error boundaries. @ http://localhost:5173/node_modules/.vite/deps/react-dom_client.js?v=e02ede73:6965
[ 2696887ms] [ERROR] init error: TypeError: Cannot read properties of undefined (reading 'invoke')
    at invoke (http://localhost:5173/node_modules/.vite/deps/chunk-ES5NGWZA.js?v=5cf50dfa:109:37)
    at Object.init (http://localhost:5173/src/stores/appStore.ts:9:29)
    at http://localhost:5173/src/components/AppShell.tsx:35:33
    at Object.react_stack_bottom_frame (http://localhost:5173/node_modules/.vite/deps/react-dom_client.js?v=5cf50dfa:18567:20)
    at runWithFiberInDEV (http://localhost:5173/node_modules/.vite/deps/react-dom_client.js?v=5cf50dfa:997:72)
    at commitHookEffectListMount (http://localhost:5173/node_modules/.vite/deps/react-dom_client.js?v=5cf50dfa:9411:163)
    at commitHookPassiveMountEffects (http://localhost:5173/node_modules/.vite/deps/react-dom_client.js?v=5cf50dfa:9465:60)
    at commitPassiveMountOnFiber (http://localhost:5173/node_modules/.vite/deps/react-dom_client.js?v=5cf50dfa:11040:29)
    at recursivelyTraversePassiveMountEffects (http://localhost:5173/node_modules/.vite/deps/react-dom_client.js?v=5cf50dfa:11010:13)
    at commitPassiveMountOnFiber (http://localhost:5173/node_modules/.vite/deps/react-dom_client.js?v=5cf50dfa:11201:13) @ http://localhost:5173/src/stores/appStore.ts:15
[ 2696887ms] [ERROR] init error: TypeError: Cannot read properties of undefined (reading 'invoke')
    at invoke (http://localhost:5173/node_modules/.vite/deps/chunk-ES5NGWZA.js?v=5cf50dfa:109:37)
    at Object.init (http://localhost:5173/src/stores/appStore.ts:9:29)
    at http://localhost:5173/src/components/AppShell.tsx:35:33
    at Object.react_stack_bottom_frame (http://localhost:5173/node_modules/.vite/deps/react-dom_client.js?v=5cf50dfa:18567:20)
    at runWithFiberInDEV (http://localhost:5173/node_modules/.vite/deps/react-dom_client.js?v=5cf50dfa:997:72)
    at commitHookEffectListMount (http://localhost:5173/node_modules/.vite/deps/react-dom_client.js?v=5cf50dfa:9411:163)
    at commitHookPassiveMountEffects (http://localhost:5173/node_modules/.vite/deps/react-dom_client.js?v=5cf50dfa:9465:60)
    at reconnectPassiveEffects (http://localhost:5173/node_modules/.vite/deps/react-dom_client.js?v=5cf50dfa:11273:13)
    at recursivelyTraverseReconnectPassiveEffects (http://localhost:5173/node_modules/.vite/deps/react-dom_client.js?v=5cf50dfa:11240:11)
    at reconnectPassiveEffects (http://localhost:5173/node_modules/.vite/deps/react-dom_client.js?v=5cf50dfa:11317:13) @ http://localhost:5173/src/stores/appStore.ts:15
[ 3249277ms] [ERROR] init error: TypeError: Cannot read properties of undefined (reading 'invoke')
    at invoke (http://localhost:5173/node_modules/.vite/deps/chunk-ES5NGWZA.js?v=5cf50dfa:109:37)
    at Object.init (http://localhost:5173/src/stores/appStore.ts:9:29)
    at http://localhost:5173/src/components/AppShell.tsx:35:33
    at Object.react_stack_bottom_frame (http://localhost:5173/node_modules/.vite/deps/react-dom_client.js?v=5cf50dfa:18567:20)
    at runWithFiberInDEV (http://localhost:5173/node_modules/.vite/deps/react-dom_client.js?v=5cf50dfa:997:72)
    at commitHookEffectListMount (http://localhost:5173/node_modules/.vite/deps/react-dom_client.js?v=5cf50dfa:9411:163)
    at commitHookPassiveMountEffects (http://localhost:5173/node_modules/.vite/deps/react-dom_client.js?v=5cf50dfa:9465:60)
    at commitPassiveMountOnFiber (http://localhost:5173/node_modules/.vite/deps/react-dom_client.js?v=5cf50dfa:11040:29)
    at recursivelyTraversePassiveMountEffects (http://localhost:5173/node_modules/.vite/deps/react-dom_client.js?v=5cf50dfa:11010:13)
    at commitPassiveMountOnFiber (http://localhost:5173/node_modules/.vite/deps/react-dom_client.js?v=5cf50dfa:11201:13) @ http://localhost:5173/src/stores/appStore.ts:15
[ 3249277ms] [ERROR] init error: TypeError: Cannot read properties of undefined (reading 'invoke')
    at invoke (http://localhost:5173/node_modules/.vite/deps/chunk-ES5NGWZA.js?v=5cf50dfa:109:37)
    at Object.init (http://localhost:5173/src/stores/appStore.ts:9:29)
    at http://localhost:5173/src/components/AppShell.tsx:35:33
    at Object.react_stack_bottom_frame (http://localhost:5173/node_modules/.vite/deps/react-dom_client.js?v=5cf50dfa:18567:20)
    at runWithFiberInDEV (http://localhost:5173/node_modules/.vite/deps/react-dom_client.js?v=5cf50dfa:997:72)
    at commitHookEffectListMount (http://localhost:5173/node_modules/.vite/deps/react-dom_client.js?v=5cf50dfa:9411:163)
    at commitHookPassiveMountEffects (http://localhost:5173/node_modules/.vite/deps/react-dom_client.js?v=5cf50dfa:9465:60)
    at reconnectPassiveEffects (http://localhost:5173/node_modules/.vite/deps/react-dom_client.js?v=5cf50dfa:11273:13)
    at recursivelyTraverseReconnectPassiveEffects (http://localhost:5173/node_modules/.vite/deps/react-dom_client.js?v=5cf50dfa:11240:11)
    at reconnectPassiveEffects (http://localhost:5173/node_modules/.vite/deps/react-dom_client.js?v=5cf50dfa:11317:13) @ http://localhost:5173/src/stores/appStore.ts:15
[ 3577254ms] [ERROR] init error: TypeError: Cannot read properties of undefined (reading 'invoke')
    at invoke (http://localhost:5173/node_modules/.vite/deps/chunk-ES5NGWZA.js?v=5cf50dfa:109:37)
    at Object.init (http://localhost:5173/src/stores/appStore.ts:9:29)
    at http://localhost:5173/src/components/AppShell.tsx:35:33
    at Object.react_stack_bottom_frame (http://localhost:5173/node_modules/.vite/deps/react-dom_client.js?v=5cf50dfa:18567:20)
    at runWithFiberInDEV (http://localhost:5173/node_modules/.vite/deps/react-dom_client.js?v=5cf50dfa:997:72)
    at commitHookEffectListMount (http://localhost:5173/node_modules/.vite/deps/react-dom_client.js?v=5cf50dfa:9411:163)
    at commitHookPassiveMountEffects (http://localhost:5173/node_modules/.vite/deps/react-dom_client.js?v=5cf50dfa:9465:60)
    at commitPassiveMountOnFiber (http://localhost:5173/node_modules/.vite/deps/react-dom_client.js?v=5cf50dfa:11040:29)
    at recursivelyTraversePassiveMountEffects (http://localhost:5173/node_modules/.vite/deps/react-dom_client.js?v=5cf50dfa:11010:13)
    at commitPassiveMountOnFiber (http://localhost:5173/node_modules/.vite/deps/react-dom_client.js?v=5cf50dfa:11201:13) @ http://localhost:5173/src/stores/appStore.ts:15
[ 3577254ms] [ERROR] init error: TypeError: Cannot read properties of undefined (reading 'invoke')
    at invoke (http://localhost:5173/node_modules/.vite/deps/chunk-ES5NGWZA.js?v=5cf50dfa:109:37)
    at Object.init (http://localhost:5173/src/stores/appStore.ts:9:29)
    at http://localhost:5173/src/components/AppShell.tsx:35:33
    at Object.react_stack_bottom_frame (http://localhost:5173/node_modules/.vite/deps/react-dom_client.js?v=5cf50dfa:18567:20)
    at runWithFiberInDEV (http://localhost:5173/node_modules/.vite/deps/react-dom_client.js?v=5cf50dfa:997:72)
    at commitHookEffectListMount (http://localhost:5173/node_modules/.vite/deps/react-dom_client.js?v=5cf50dfa:9411:163)
    at commitHookPassiveMountEffects (http://localhost:5173/node_modules/.vite/deps/react-dom_client.js?v=5cf50dfa:9465:60)
    at reconnectPassiveEffects (http://localhost:5173/node_modules/.vite/deps/react-dom_client.js?v=5cf50dfa:11273:13)
    at recursivelyTraverseReconnectPassiveEffects (http://localhost:5173/node_modules/.vite/deps/react-dom_client.js?v=5cf50dfa:11240:11)
    at reconnectPassiveEffects (http://localhost:5173/node_modules/.vite/deps/react-dom_client.js?v=5cf50dfa:11317:13) @ http://localhost:5173/src/stores/appStore.ts:15
[ 3577349ms] [ERROR] init error: TypeError: Cannot read properties of undefined (reading 'invoke')
    at invoke (http://localhost:5173/node_modules/.vite/deps/chunk-ES5NGWZA.js?v=5cf50dfa:109:37)
    at Object.init (http://localhost:5173/src/stores/appStore.ts:9:29)
    at http://localhost:5173/src/components/AppShell.tsx:35:33
    at Object.react_stack_bottom_frame (http://localhost:5173/node_modules/.vite/deps/react-dom_client.js?v=5cf50dfa:18567:20)
    at runWithFiberInDEV (http://localhost:5173/node_modules/.vite/deps/react-dom_client.js?v=5cf50dfa:997:72)
    at commitHookEffectListMount (http://localhost:5173/node_modules/.vite/deps/react-dom_client.js?v=5cf50dfa:9411:163)
    at commitHookPassiveMountEffects (http://localhost:5173/node_modules/.vite/deps/react-dom_client.js?v=5cf50dfa:9465:60)
    at commitPassiveMountOnFiber (http://localhost:5173/node_modules/.vite/deps/react-dom_client.js?v=5cf50dfa:11040:29)
    at recursivelyTraversePassiveMountEffects (http://localhost:5173/node_modules/.vite/deps/react-dom_client.js?v=5cf50dfa:11010:13)
    at commitPassiveMountOnFiber (http://localhost:5173/node_modules/.vite/deps/react-dom_client.js?v=5cf50dfa:11201:13) @ http://localhost:5173/src/stores/appStore.ts:15
[ 3577349ms] [ERROR] init error: TypeError: Cannot read properties of undefined (reading 'invoke')
    at invoke (http://localhost:5173/node_modules/.vite/deps/chunk-ES5NGWZA.js?v=5cf50dfa:109:37)
    at Object.init (http://localhost:5173/src/stores/appStore.ts:9:29)
    at http://localhost:5173/src/components/AppShell.tsx:35:33
    at Object.react_stack_bottom_frame (http://localhost:5173/node_modules/.vite/deps/react-dom_client.js?v=5cf50dfa:18567:20)
    at runWithFiberInDEV (http://localhost:5173/node_modules/.vite/deps/react-dom_client.js?v=5cf50dfa:997:72)
    at commitHookEffectListMount (http://localhost:5173/node_modules/.vite/deps/react-dom_client.js?v=5cf50dfa:9411:163)
    at commitHookPassiveMountEffects (http://localhost:5173/node_modules/.vite/deps/react-dom_client.js?v=5cf50dfa:9465:60)
    at reconnectPassiveEffects (http://localhost:5173/node_modules/.vite/deps/react-dom_client.js?v=5cf50dfa:11273:13)
    at recursivelyTraverseReconnectPassiveEffects (http://localhost:5173/node_modules/.vite/deps/react-dom_client.js?v=5cf50dfa:11240:11)
    at reconnectPassiveEffects (http://localhost:5173/node_modules/.vite/deps/react-dom_client.js?v=5cf50dfa:11317:13) @ http://localhost:5173/src/stores/appStore.ts:15
[ 3584631ms] [ERROR] init error: TypeError: Cannot read properties of undefined (reading 'invoke')
    at invoke (http://localhost:5173/node_modules/.vite/deps/chunk-ES5NGWZA.js?v=5cf50dfa:109:37)
    at Object.init (http://localhost:5173/src/stores/appStore.ts:9:29)
    at http://localhost:5173/src/components/AppShell.tsx:35:33
    at Object.react_stack_bottom_frame (http://localhost:5173/node_modules/.vite/deps/react-dom_client.js?v=5cf50dfa:18567:20)
    at runWithFiberInDEV (http://localhost:5173/node_modules/.vite/deps/react-dom_client.js?v=5cf50dfa:997:72)
    at commitHookEffectListMount (http://localhost:5173/node_modules/.vite/deps/react-dom_client.js?v=5cf50dfa:9411:163)
    at commitHookPassiveMountEffects (http://localhost:5173/node_modules/.vite/deps/react-dom_client.js?v=5cf50dfa:9465:60)
    at commitPassiveMountOnFiber (http://localhost:5173/node_modules/.vite/deps/react-dom_client.js?v=5cf50dfa:11040:29)
    at recursivelyTraversePassiveMountEffects (http://localhost:5173/node_modules/.vite/deps/react-dom_client.js?v=5cf50dfa:11010:13)
    at commitPassiveMountOnFiber (http://localhost:5173/node_modules/.vite/deps/react-dom_client.js?v=5cf50dfa:11201:13) @ http://localhost:5173/src/stores/appStore.ts:15
[ 3584631ms] [ERROR] init error: TypeError: Cannot read properties of undefined (reading 'invoke')
    at invoke (http://localhost:5173/node_modules/.vite/deps/chunk-ES5NGWZA.js?v=5cf50dfa:109:37)
    at Object.init (http://localhost:5173/src/stores/appStore.ts:9:29)
    at http://localhost:5173/src/components/AppShell.tsx:35:33
    at Object.react_stack_bottom_frame (http://localhost:5173/node_modules/.vite/deps/react-dom_client.js?v=5cf50dfa:18567:20)
    at runWithFiberInDEV (http://localhost:5173/node_modules/.vite/deps/react-dom_client.js?v=5cf50dfa:997:72)
    at commitHookEffectListMount (http://localhost:5173/node_modules/.vite/deps/react-dom_client.js?v=5cf50dfa:9411:163)
    at commitHookPassiveMountEffects (http://localhost:5173/node_modules/.vite/deps/react-dom_client.js?v=5cf50dfa:9465:60)
    at reconnectPassiveEffects (http://localhost:5173/node_modules/.vite/deps/react-dom_client.js?v=5cf50dfa:11273:13)
    at recursivelyTraverseReconnectPassiveEffects (http://localhost:5173/node_modules/.vite/deps/react-dom_client.js?v=5cf50dfa:11240:11)
    at reconnectPassiveEffects (http://localhost:5173/node_modules/.vite/deps/react-dom_client.js?v=5cf50dfa:11317:13) @ http://localhost:5173/src/stores/appStore.ts:15
[ 3584830ms] [ERROR] init error: TypeError: Cannot read properties of undefined (reading 'invoke')
    at invoke (http://localhost:5173/node_modules/.vite/deps/chunk-ES5NGWZA.js?v=5cf50dfa:109:37)
    at Object.init (http://localhost:5173/src/stores/appStore.ts:9:29)
    at http://localhost:5173/src/components/AppShell.tsx:35:33
    at Object.react_stack_bottom_frame (http://localhost:5173/node_modules/.vite/deps/react-dom_client.js?v=5cf50dfa:18567:20)
    at runWithFiberInDEV (http://localhost:5173/node_modules/.vite/deps/react-dom_client.js?v=5cf50dfa:997:72)
    at commitHookEffectListMount (http://localhost:5173/node_modules/.vite/deps/react-dom_client.js?v=5cf50dfa:9411:163)
    at commitHookPassiveMountEffects (http://localhost:5173/node_modules/.vite/deps/react-dom_client.js?v=5cf50dfa:9465:60)
    at commitPassiveMountOnFiber (http://localhost:5173/node_modules/.vite/deps/react-dom_client.js?v=5cf50dfa:11040:29)
    at recursivelyTraversePassiveMountEffects (http://localhost:5173/node_modules/.vite/deps/react-dom_client.js?v=5cf50dfa:11010:13)
    at commitPassiveMountOnFiber (http://localhost:5173/node_modules/.vite/deps/react-dom_client.js?v=5cf50dfa:11201:13) @ http://localhost:5173/src/stores/appStore.ts:15
[ 3584830ms] [ERROR] init error: TypeError: Cannot read properties of undefined (reading 'invoke')
    at invoke (http://localhost:5173/node_modules/.vite/deps/chunk-ES5NGWZA.js?v=5cf50dfa:109:37)
    at Object.init (http://localhost:5173/src/stores/appStore.ts:9:29)
    at http://localhost:5173/src/components/AppShell.tsx:35:33
    at Object.react_stack_bottom_frame (http://localhost:5173/node_modules/.vite/deps/react-dom_client.js?v=5cf50dfa:18567:20)
    at runWithFiberInDEV (http://localhost:5173/node_modules/.vite/deps/react-dom_client.js?v=5cf50dfa:997:72)
    at commitHookEffectListMount (http://localhost:5173/node_modules/.vite/deps/react-dom_client.js?v=5cf50dfa:9411:163)
    at commitHookPassiveMountEffects (http://localhost:5173/node_modules/.vite/deps/react-dom_client.js?v=5cf50dfa:9465:60)
    at reconnectPassiveEffects (http://localhost:5173/node_modules/.vite/deps/react-dom_client.js?v=5cf50dfa:11273:13)
    at recursivelyTraverseReconnectPassiveEffects (http://localhost:5173/node_modules/.vite/deps/react-dom_client.js?v=5cf50dfa:11240:11)
    at reconnectPassiveEffects (http://localhost:5173/node_modules/.vite/deps/react-dom_client.js?v=5cf50dfa:11317:13) @ http://localhost:5173/src/stores/appStore.ts:15
[ 3590224ms] [ERROR] init error: TypeError: Cannot read properties of undefined (reading 'invoke')
    at invoke (http://localhost:5173/node_modules/.vite/deps/chunk-ES5NGWZA.js?v=5cf50dfa:109:37)
    at Object.init (http://localhost:5173/src/stores/appStore.ts:9:29)
    at http://localhost:5173/src/components/AppShell.tsx:35:33
    at Object.react_stack_bottom_frame (http://localhost:5173/node_modules/.vite/deps/react-dom_client.js?v=5cf50dfa:18567:20)
    at runWithFiberInDEV (http://localhost:5173/node_modules/.vite/deps/react-dom_client.js?v=5cf50dfa:997:72)
    at commitHookEffectListMount (http://localhost:5173/node_modules/.vite/deps/react-dom_client.js?v=5cf50dfa:9411:163)
    at commitHookPassiveMountEffects (http://localhost:5173/node_modules/.vite/deps/react-dom_client.js?v=5cf50dfa:9465:60)
    at commitPassiveMountOnFiber (http://localhost:5173/node_modules/.vite/deps/react-dom_client.js?v=5cf50dfa:11040:29)
    at recursivelyTraversePassiveMountEffects (http://localhost:5173/node_modules/.vite/deps/react-dom_client.js?v=5cf50dfa:11010:13)
    at commitPassiveMountOnFiber (http://localhost:5173/node_modules/.vite/deps/react-dom_client.js?v=5cf50dfa:11201:13) @ http://localhost:5173/src/stores/appStore.ts:15
[ 3590224ms] [ERROR] init error: TypeError: Cannot read properties of undefined (reading 'invoke')
    at invoke (http://localhost:5173/node_modules/.vite/deps/chunk-ES5NGWZA.js?v=5cf50dfa:109:37)
    at Object.init (http://localhost:5173/src/stores/appStore.ts:9:29)
    at http://localhost:5173/src/components/AppShell.tsx:35:33
    at Object.react_stack_bottom_frame (http://localhost:5173/node_modules/.vite/deps/react-dom_client.js?v=5cf50dfa:18567:20)
    at runWithFiberInDEV (http://localhost:5173/node_modules/.vite/deps/react-dom_client.js?v=5cf50dfa:997:72)
    at commitHookEffectListMount (http://localhost:5173/node_modules/.vite/deps/react-dom_client.js?v=5cf50dfa:9411:163)
    at commitHookPassiveMountEffects (http://localhost:5173/node_modules/.vite/deps/react-dom_client.js?v=5cf50dfa:9465:60)
    at reconnectPassiveEffects (http://localhost:5173/node_modules/.vite/deps/react-dom_client.js?v=5cf50dfa:11273:13)
    at recursivelyTraverseReconnectPassiveEffects (http://localhost:5173/node_modules/.vite/deps/react-dom_client.js?v=5cf50dfa:11240:11)
    at reconnectPassiveEffects (http://localhost:5173/node_modules/.vite/deps/react-dom_client.js?v=5cf50dfa:11317:13) @ http://localhost:5173/src/stores/appStore.ts:15
[ 3593004ms] [ERROR] init error: TypeError: Cannot read properties of undefined (reading 'invoke')
    at invoke (http://localhost:5173/node_modules/.vite/deps/chunk-ES5NGWZA.js?v=5cf50dfa:109:37)
    at Object.init (http://localhost:5173/src/stores/appStore.ts:9:29)
    at http://localhost:5173/src/components/AppShell.tsx:35:33
    at Object.react_stack_bottom_frame (http://localhost:5173/node_modules/.vite/deps/react-dom_client.js?v=5cf50dfa:18567:20)
    at runWithFiberInDEV (http://localhost:5173/node_modules/.vite/deps/react-dom_client.js?v=5cf50dfa:997:72)
    at commitHookEffectListMount (http://localhost:5173/node_modules/.vite/deps/react-dom_client.js?v=5cf50dfa:9411:163)
    at commitHookPassiveMountEffects (http://localhost:5173/node_modules/.vite/deps/react-dom_client.js?v=5cf50dfa:9465:60)
    at commitPassiveMountOnFiber (http://localhost:5173/node_modules/.vite/deps/react-dom_client.js?v=5cf50dfa:11040:29)
    at recursivelyTraversePassiveMountEffects (http://localhost:5173/node_modules/.vite/deps/react-dom_client.js?v=5cf50dfa:11010:13)
    at commitPassiveMountOnFiber (http://localhost:5173/node_modules/.vite/deps/react-dom_client.js?v=5cf50dfa:11201:13) @ http://localhost:5173/src/stores/appStore.ts:15
[ 3593004ms] [ERROR] init error: TypeError: Cannot read properties of undefined (reading 'invoke')
    at invoke (http://localhost:5173/node_modules/.vite/deps/chunk-ES5NGWZA.js?v=5cf50dfa:109:37)
    at Object.init (http://localhost:5173/src/stores/appStore.ts:9:29)
    at http://localhost:5173/src/components/AppShell.tsx:35:33
    at Object.react_stack_bottom_frame (http://localhost:5173/node_modules/.vite/deps/react-dom_client.js?v=5cf50dfa:18567:20)
    at runWithFiberInDEV (http://localhost:5173/node_modules/.vite/deps/react-dom_client.js?v=5cf50dfa:997:72)
    at commitHookEffectListMount (http://localhost:5173/node_modules/.vite/deps/react-dom_client.js?v=5cf50dfa:9411:163)
    at commitHookPassiveMountEffects (http://localhost:5173/node_modules/.vite/deps/react-dom_client.js?v=5cf50dfa:9465:60)
    at reconnectPassiveEffects (http://localhost:5173/node_modules/.vite/deps/react-dom_client.js?v=5cf50dfa:11273:13)
    at recursivelyTraverseReconnectPassiveEffects (http://localhost:5173/node_modules/.vite/deps/react-dom_client.js?v=5cf50dfa:11240:11)
    at reconnectPassiveEffects (http://localhost:5173/node_modules/.vite/deps/react-dom_client.js?v=5cf50dfa:11317:13) @ http://localhost:5173/src/stores/appStore.ts:15
[ 3597463ms] [ERROR] init error: TypeError: Cannot read properties of undefined (reading 'invoke')
    at invoke (http://localhost:5173/node_modules/.vite/deps/chunk-ES5NGWZA.js?v=5cf50dfa:109:37)
    at Object.init (http://localhost:5173/src/stores/appStore.ts:9:29)
    at http://localhost:5173/src/components/AppShell.tsx:35:33
    at Object.react_stack_bottom_frame (http://localhost:5173/node_modules/.vite/deps/react-dom_client.js?v=5cf50dfa:18567:20)
    at runWithFiberInDEV (http://localhost:5173/node_modules/.vite/deps/react-dom_client.js?v=5cf50dfa:997:72)
    at commitHookEffectListMount (http://localhost:5173/node_modules/.vite/deps/react-dom_client.js?v=5cf50dfa:9411:163)
    at commitHookPassiveMountEffects (http://localhost:5173/node_modules/.vite/deps/react-dom_client.js?v=5cf50dfa:9465:60)
    at commitPassiveMountOnFiber (http://localhost:5173/node_modules/.vite/deps/react-dom_client.js?v=5cf50dfa:11040:29)
    at recursivelyTraversePassiveMountEffects (http://localhost:5173/node_modules/.vite/deps/react-dom_client.js?v=5cf50dfa:11010:13)
    at commitPassiveMountOnFiber (http://localhost:5173/node_modules/.vite/deps/react-dom_client.js?v=5cf50dfa:11201:13) @ http://localhost:5173/src/stores/appStore.ts:15
[ 3597463ms] [ERROR] init error: TypeError: Cannot read properties of undefined (reading 'invoke')
    at invoke (http://localhost:5173/node_modules/.vite/deps/chunk-ES5NGWZA.js?v=5cf50dfa:109:37)
    at Object.init (http://localhost:5173/src/stores/appStore.ts:9:29)
    at http://localhost:5173/src/components/AppShell.tsx:35:33
    at Object.react_stack_bottom_frame (http://localhost:5173/node_modules/.vite/deps/react-dom_client.js?v=5cf50dfa:18567:20)
    at runWithFiberInDEV (http://localhost:5173/node_modules/.vite/deps/react-dom_client.js?v=5cf50dfa:997:72)
    at commitHookEffectListMount (http://localhost:5173/node_modules/.vite/deps/react-dom_client.js?v=5cf50dfa:9411:163)
    at commitHookPassiveMountEffects (http://localhost:5173/node_modules/.vite/deps/react-dom_client.js?v=5cf50dfa:9465:60)
    at reconnectPassiveEffects (http://localhost:5173/node_modules/.vite/deps/react-dom_client.js?v=5cf50dfa:11273:13)
    at recursivelyTraverseReconnectPassiveEffects (http://localhost:5173/node_modules/.vite/deps/react-dom_client.js?v=5cf50dfa:11240:11)
    at reconnectPassiveEffects (http://localhost:5173/node_modules/.vite/deps/react-dom_client.js?v=5cf50dfa:11317:13) @ http://localhost:5173/src/stores/appStore.ts:15
[ 3604476ms] [ERROR] init error: TypeError: Cannot read properties of undefined (reading 'invoke')
    at invoke (http://localhost:5173/node_modules/.vite/deps/chunk-ES5NGWZA.js?v=5cf50dfa:109:37)
    at Object.init (http://localhost:5173/src/stores/appStore.ts:9:29)
    at http://localhost:5173/src/components/AppShell.tsx:35:33
    at Object.react_stack_bottom_frame (http://localhost:5173/node_modules/.vite/deps/react-dom_client.js?v=5cf50dfa:18567:20)
    at runWithFiberInDEV (http://localhost:5173/node_modules/.vite/deps/react-dom_client.js?v=5cf50dfa:997:72)
    at commitHookEffectListMount (http://localhost:5173/node_modules/.vite/deps/react-dom_client.js?v=5cf50dfa:9411:163)
    at commitHookPassiveMountEffects (http://localhost:5173/node_modules/.vite/deps/react-dom_client.js?v=5cf50dfa:9465:60)
    at commitPassiveMountOnFiber (http://localhost:5173/node_modules/.vite/deps/react-dom_client.js?v=5cf50dfa:11040:29)
    at recursivelyTraversePassiveMountEffects (http://localhost:5173/node_modules/.vite/deps/react-dom_client.js?v=5cf50dfa:11010:13)
    at commitPassiveMountOnFiber (http://localhost:5173/node_modules/.vite/deps/react-dom_client.js?v=5cf50dfa:11201:13) @ http://localhost:5173/src/stores/appStore.ts:15
[ 3604476ms] [ERROR] init error: TypeError: Cannot read properties of undefined (reading 'invoke')
    at invoke (http://localhost:5173/node_modules/.vite/deps/chunk-ES5NGWZA.js?v=5cf50dfa:109:37)
    at Object.init (http://localhost:5173/src/stores/appStore.ts:9:29)
    at http://localhost:5173/src/components/AppShell.tsx:35:33
    at Object.react_stack_bottom_frame (http://localhost:5173/node_modules/.vite/deps/react-dom_client.js?v=5cf50dfa:18567:20)
    at runWithFiberInDEV (http://localhost:5173/node_modules/.vite/deps/react-dom_client.js?v=5cf50dfa:997:72)
    at commitHookEffectListMount (http://localhost:5173/node_modules/.vite/deps/react-dom_client.js?v=5cf50dfa:9411:163)
    at commitHookPassiveMountEffects (http://localhost:5173/node_modules/.vite/deps/react-dom_client.js?v=5cf50dfa:9465:60)
    at reconnectPassiveEffects (http://localhost:5173/node_modules/.vite/deps/react-dom_client.js?v=5cf50dfa:11273:13)
    at recursivelyTraverseReconnectPassiveEffects (http://localhost:5173/node_modules/.vite/deps/react-dom_client.js?v=5cf50dfa:11240:11)
    at reconnectPassiveEffects (http://localhost:5173/node_modules/.vite/deps/react-dom_client.js?v=5cf50dfa:11317:13) @ http://localhost:5173/src/stores/appStore.ts:15
[ 3609930ms] [ERROR] init error: TypeError: Cannot read properties of undefined (reading 'invoke')
    at invoke (http://localhost:5173/node_modules/.vite/deps/chunk-ES5NGWZA.js?v=5cf50dfa:109:37)
    at Object.init (http://localhost:5173/src/stores/appStore.ts:9:29)
    at http://localhost:5173/src/components/AppShell.tsx:35:33
    at Object.react_stack_bottom_frame (http://localhost:5173/node_modules/.vite/deps/react-dom_client.js?v=5cf50dfa:18567:20)
    at runWithFiberInDEV (http://localhost:5173/node_modules/.vite/deps/react-dom_client.js?v=5cf50dfa:997:72)
    at commitHookEffectListMount (http://localhost:5173/node_modules/.vite/deps/react-dom_client.js?v=5cf50dfa:9411:163)
    at commitHookPassiveMountEffects (http://localhost:5173/node_modules/.vite/deps/react-dom_client.js?v=5cf50dfa:9465:60)
    at commitPassiveMountOnFiber (http://localhost:5173/node_modules/.vite/deps/react-dom_client.js?v=5cf50dfa:11040:29)
    at recursivelyTraversePassiveMountEffects (http://localhost:5173/node_modules/.vite/deps/react-dom_client.js?v=5cf50dfa:11010:13)
    at commitPassiveMountOnFiber (http://localhost:5173/node_modules/.vite/deps/react-dom_client.js?v=5cf50dfa:11201:13) @ http://localhost:5173/src/stores/appStore.ts:15
[ 3609931ms] [ERROR] init error: TypeError: Cannot read properties of undefined (reading 'invoke')
    at invoke (http://localhost:5173/node_modules/.vite/deps/chunk-ES5NGWZA.js?v=5cf50dfa:109:37)
    at Object.init (http://localhost:5173/src/stores/appStore.ts:9:29)
    at http://localhost:5173/src/components/AppShell.tsx:35:33
    at Object.react_stack_bottom_frame (http://localhost:5173/node_modules/.vite/deps/react-dom_client.js?v=5cf50dfa:18567:20)
    at runWithFiberInDEV (http://localhost:5173/node_modules/.vite/deps/react-dom_client.js?v=5cf50dfa:997:72)
    at commitHookEffectListMount (http://localhost:5173/node_modules/.vite/deps/react-dom_client.js?v=5cf50dfa:9411:163)
    at commitHookPassiveMountEffects (http://localhost:5173/node_modules/.vite/deps/react-dom_client.js?v=5cf50dfa:9465:60)
    at reconnectPassiveEffects (http://localhost:5173/node_modules/.vite/deps/react-dom_client.js?v=5cf50dfa:11273:13)
    at recursivelyTraverseReconnectPassiveEffects (http://localhost:5173/node_modules/.vite/deps/react-dom_client.js?v=5cf50dfa:11240:11)
    at reconnectPassiveEffects (http://localhost:5173/node_modules/.vite/deps/react-dom_client.js?v=5cf50dfa:11317:13) @ http://localhost:5173/src/stores/appStore.ts:15
[ 3632445ms] [ERROR] init error: TypeError: Cannot read properties of undefined (reading 'invoke')
    at invoke (http://localhost:5173/node_modules/.vite/deps/chunk-ES5NGWZA.js?v=5cf50dfa:109:37)
    at Object.init (http://localhost:5173/src/stores/appStore.ts:9:29)
    at http://localhost:5173/src/components/AppShell.tsx:35:33
    at Object.react_stack_bottom_frame (http://localhost:5173/node_modules/.vite/deps/react-dom_client.js?v=5cf50dfa:18567:20)
    at runWithFiberInDEV (http://localhost:5173/node_modules/.vite/deps/react-dom_client.js?v=5cf50dfa:997:72)
    at commitHookEffectListMount (http://localhost:5173/node_modules/.vite/deps/react-dom_client.js?v=5cf50dfa:9411:163)
    at commitHookPassiveMountEffects (http://localhost:5173/node_modules/.vite/deps/react-dom_client.js?v=5cf50dfa:9465:60)
    at commitPassiveMountOnFiber (http://localhost:5173/node_modules/.vite/deps/react-dom_client.js?v=5cf50dfa:11040:29)
    at recursivelyTraversePassiveMountEffects (http://localhost:5173/node_modules/.vite/deps/react-dom_client.js?v=5cf50dfa:11010:13)
    at commitPassiveMountOnFiber (http://localhost:5173/node_modules/.vite/deps/react-dom_client.js?v=5cf50dfa:11201:13) @ http://localhost:5173/src/stores/appStore.ts:15
[ 3632445ms] [ERROR] init error: TypeError: Cannot read properties of undefined (reading 'invoke')
    at invoke (http://localhost:5173/node_modules/.vite/deps/chunk-ES5NGWZA.js?v=5cf50dfa:109:37)
    at Object.init (http://localhost:5173/src/stores/appStore.ts:9:29)
    at http://localhost:5173/src/components/AppShell.tsx:35:33
    at Object.react_stack_bottom_frame (http://localhost:5173/node_modules/.vite/deps/react-dom_client.js?v=5cf50dfa:18567:20)
    at runWithFiberInDEV (http://localhost:5173/node_modules/.vite/deps/react-dom_client.js?v=5cf50dfa:997:72)
    at commitHookEffectListMount (http://localhost:5173/node_modules/.vite/deps/react-dom_client.js?v=5cf50dfa:9411:163)
    at commitHookPassiveMountEffects (http://localhost:5173/node_modules/.vite/deps/react-dom_client.js?v=5cf50dfa:9465:60)
    at reconnectPassiveEffects (http://localhost:5173/node_modules/.vite/deps/react-dom_client.js?v=5cf50dfa:11273:13)
    at recursivelyTraverseReconnectPassiveEffects (http://localhost:5173/node_modules/.vite/deps/react-dom_client.js?v=5cf50dfa:11240:11)
    at reconnectPassiveEffects (http://localhost:5173/node_modules/.vite/deps/react-dom_client.js?v=5cf50dfa:11317:13) @ http://localhost:5173/src/stores/appStore.ts:15
[ 3684549ms] [ERROR] init error: TypeError: Cannot read properties of undefined (reading 'invoke')
    at invoke (http://localhost:5173/node_modules/.vite/deps/chunk-ES5NGWZA.js?v=5cf50dfa:109:37)
    at Object.init (http://localhost:5173/src/stores/appStore.ts:9:29)
    at http://localhost:5173/src/components/AppShell.tsx:35:33
    at Object.react_stack_bottom_frame (http://localhost:5173/node_modules/.vite/deps/react-dom_client.js?v=5cf50dfa:18567:20)
    at runWithFiberInDEV (http://localhost:5173/node_modules/.vite/deps/react-dom_client.js?v=5cf50dfa:997:72)
    at commitHookEffectListMount (http://localhost:5173/node_modules/.vite/deps/react-dom_client.js?v=5cf50dfa:9411:163)
    at commitHookPassiveMountEffects (http://localhost:5173/node_modules/.vite/deps/react-dom_client.js?v=5cf50dfa:9465:60)
    at commitPassiveMountOnFiber (http://localhost:5173/node_modules/.vite/deps/react-dom_client.js?v=5cf50dfa:11040:29)
    at recursivelyTraversePassiveMountEffects (http://localhost:5173/node_modules/.vite/deps/react-dom_client.js?v=5cf50dfa:11010:13)
    at commitPassiveMountOnFiber (http://localhost:5173/node_modules/.vite/deps/react-dom_client.js?v=5cf50dfa:11201:13) @ http://localhost:5173/src/stores/appStore.ts:15
[ 3684550ms] [ERROR] init error: TypeError: Cannot read properties of undefined (reading 'invoke')
    at invoke (http://localhost:5173/node_modules/.vite/deps/chunk-ES5NGWZA.js?v=5cf50dfa:109:37)
    at Object.init (http://localhost:5173/src/stores/appStore.ts:9:29)
    at http://localhost:5173/src/components/AppShell.tsx:35:33
    at Object.react_stack_bottom_frame (http://localhost:5173/node_modules/.vite/deps/react-dom_client.js?v=5cf50dfa:18567:20)
    at runWithFiberInDEV (http://localhost:5173/node_modules/.vite/deps/react-dom_client.js?v=5cf50dfa:997:72)
    at commitHookEffectListMount (http://localhost:5173/node_modules/.vite/deps/react-dom_client.js?v=5cf50dfa:9411:163)
    at commitHookPassiveMountEffects (http://localhost:5173/node_modules/.vite/deps/react-dom_client.js?v=5cf50dfa:9465:60)
    at reconnectPassiveEffects (http://localhost:5173/node_modules/.vite/deps/react-dom_client.js?v=5cf50dfa:11273:13)
    at recursivelyTraverseReconnectPassiveEffects (http://localhost:5173/node_modules/.vite/deps/react-dom_client.js?v=5cf50dfa:11240:11)
    at reconnectPassiveEffects (http://localhost:5173/node_modules/.vite/deps/react-dom_client.js?v=5cf50dfa:11317:13) @ http://localhost:5173/src/stores/appStore.ts:15
[ 3688291ms] [ERROR] init error: TypeError: Cannot read properties of undefined (reading 'invoke')
    at invoke (http://localhost:5173/node_modules/.vite/deps/chunk-ES5NGWZA.js?v=5cf50dfa:109:37)
    at Object.init (http://localhost:5173/src/stores/appStore.ts:9:29)
    at http://localhost:5173/src/components/AppShell.tsx:35:33
    at Object.react_stack_bottom_frame (http://localhost:5173/node_modules/.vite/deps/react-dom_client.js?v=5cf50dfa:18567:20)
    at runWithFiberInDEV (http://localhost:5173/node_modules/.vite/deps/react-dom_client.js?v=5cf50dfa:997:72)
    at commitHookEffectListMount (http://localhost:5173/node_modules/.vite/deps/react-dom_client.js?v=5cf50dfa:9411:163)
    at commitHookPassiveMountEffects (http://localhost:5173/node_modules/.vite/deps/react-dom_client.js?v=5cf50dfa:9465:60)
    at commitPassiveMountOnFiber (http://localhost:5173/node_modules/.vite/deps/react-dom_client.js?v=5cf50dfa:11040:29)
    at recursivelyTraversePassiveMountEffects (http://localhost:5173/node_modules/.vite/deps/react-dom_client.js?v=5cf50dfa:11010:13)
    at commitPassiveMountOnFiber (http://localhost:5173/node_modules/.vite/deps/react-dom_client.js?v=5cf50dfa:11201:13) @ http://localhost:5173/src/stores/appStore.ts:15
[ 3688292ms] [ERROR] init error: TypeError: Cannot read properties of undefined (reading 'invoke')
    at invoke (http://localhost:5173/node_modules/.vite/deps/chunk-ES5NGWZA.js?v=5cf50dfa:109:37)
    at Object.init (http://localhost:5173/src/stores/appStore.ts:9:29)
    at http://localhost:5173/src/components/AppShell.tsx:35:33
    at Object.react_stack_bottom_frame (http://localhost:5173/node_modules/.vite/deps/react-dom_client.js?v=5cf50dfa:18567:20)
    at runWithFiberInDEV (http://localhost:5173/node_modules/.vite/deps/react-dom_client.js?v=5cf50dfa:997:72)
    at commitHookEffectListMount (http://localhost:5173/node_modules/.vite/deps/react-dom_client.js?v=5cf50dfa:9411:163)
    at commitHookPassiveMountEffects (http://localhost:5173/node_modules/.vite/deps/react-dom_client.js?v=5cf50dfa:9465:60)
    at reconnectPassiveEffects (http://localhost:5173/node_modules/.vite/deps/react-dom_client.js?v=5cf50dfa:11273:13)
    at recursivelyTraverseReconnectPassiveEffects (http://localhost:5173/node_modules/.vite/deps/react-dom_client.js?v=5cf50dfa:11240:11)
    at reconnectPassiveEffects (http://localhost:5173/node_modules/.vite/deps/react-dom_client.js?v=5cf50dfa:11317:13) @ http://localhost:5173/src/stores/appStore.ts:15
[ 3764364ms] [ERROR] init error: TypeError: Cannot read properties of undefined (reading 'invoke')
    at invoke (http://localhost:5173/node_modules/.vite/deps/chunk-ES5NGWZA.js?v=5cf50dfa:109:37)
    at Object.init (http://localhost:5173/src/stores/appStore.ts:9:29)
    at http://localhost:5173/src/components/AppShell.tsx:35:33
    at Object.react_stack_bottom_frame (http://localhost:5173/node_modules/.vite/deps/react-dom_client.js?v=5cf50dfa:18567:20)
    at runWithFiberInDEV (http://localhost:5173/node_modules/.vite/deps/react-dom_client.js?v=5cf50dfa:997:72)
    at commitHookEffectListMount (http://localhost:5173/node_modules/.vite/deps/react-dom_client.js?v=5cf50dfa:9411:163)
    at commitHookPassiveMountEffects (http://localhost:5173/node_modules/.vite/deps/react-dom_client.js?v=5cf50dfa:9465:60)
    at commitPassiveMountOnFiber (http://localhost:5173/node_modules/.vite/deps/react-dom_client.js?v=5cf50dfa:11040:29)
    at recursivelyTraversePassiveMountEffects (http://localhost:5173/node_modules/.vite/deps/react-dom_client.js?v=5cf50dfa:11010:13)
    at commitPassiveMountOnFiber (http://localhost:5173/node_modules/.vite/deps/react-dom_client.js?v=5cf50dfa:11201:13) @ http://localhost:5173/src/stores/appStore.ts:15
[ 3764364ms] [ERROR] init error: TypeError: Cannot read properties of undefined (reading 'invoke')
    at invoke (http://localhost:5173/node_modules/.vite/deps/chunk-ES5NGWZA.js?v=5cf50dfa:109:37)
    at Object.init (http://localhost:5173/src/stores/appStore.ts:9:29)
    at http://localhost:5173/src/components/AppShell.tsx:35:33
    at Object.react_stack_bottom_frame (http://localhost:5173/node_modules/.vite/deps/react-dom_client.js?v=5cf50dfa:18567:20)
    at runWithFiberInDEV (http://localhost:5173/node_modules/.vite/deps/react-dom_client.js?v=5cf50dfa:997:72)
    at commitHookEffectListMount (http://localhost:5173/node_modules/.vite/deps/react-dom_client.js?v=5cf50dfa:9411:163)
    at commitHookPassiveMountEffects (http://localhost:5173/node_modules/.vite/deps/react-dom_client.js?v=5cf50dfa:9465:60)
    at reconnectPassiveEffects (http://localhost:5173/node_modules/.vite/deps/react-dom_client.js?v=5cf50dfa:11273:13)
    at recursivelyTraverseReconnectPassiveEffects (http://localhost:5173/node_modules/.vite/deps/react-dom_client.js?v=5cf50dfa:11240:11)
    at reconnectPassiveEffects (http://localhost:5173/node_modules/.vite/deps/react-dom_client.js?v=5cf50dfa:11317:13) @ http://localhost:5173/src/stores/appStore.ts:15
[ 4647340ms] [ERROR] init error: TypeError: Cannot read properties of undefined (reading 'invoke')
    at invoke (http://localhost:5173/node_modules/.vite/deps/chunk-ES5NGWZA.js?v=5cf50dfa:109:37)
    at Object.init (http://localhost:5173/src/stores/appStore.ts:9:29)
    at http://localhost:5173/src/components/AppShell.tsx:35:33
    at Object.react_stack_bottom_frame (http://localhost:5173/node_modules/.vite/deps/react-dom_client.js?v=5cf50dfa:18567:20)
    at runWithFiberInDEV (http://localhost:5173/node_modules/.vite/deps/react-dom_client.js?v=5cf50dfa:997:72)
    at commitHookEffectListMount (http://localhost:5173/node_modules/.vite/deps/react-dom_client.js?v=5cf50dfa:9411:163)
    at commitHookPassiveMountEffects (http://localhost:5173/node_modules/.vite/deps/react-dom_client.js?v=5cf50dfa:9465:60)
    at commitPassiveMountOnFiber (http://localhost:5173/node_modules/.vite/deps/react-dom_client.js?v=5cf50dfa:11040:29)
    at recursivelyTraversePassiveMountEffects (http://localhost:5173/node_modules/.vite/deps/react-dom_client.js?v=5cf50dfa:11010:13)
    at commitPassiveMountOnFiber (http://localhost:5173/node_modules/.vite/deps/react-dom_client.js?v=5cf50dfa:11201:13) @ http://localhost:5173/src/stores/appStore.ts:15
[ 4647340ms] [ERROR] init error: TypeError: Cannot read properties of undefined (reading 'invoke')
    at invoke (http://localhost:5173/node_modules/.vite/deps/chunk-ES5NGWZA.js?v=5cf50dfa:109:37)
    at Object.init (http://localhost:5173/src/stores/appStore.ts:9:29)
    at http://localhost:5173/src/components/AppShell.tsx:35:33
    at Object.react_stack_bottom_frame (http://localhost:5173/node_modules/.vite/deps/react-dom_client.js?v=5cf50dfa:18567:20)
    at runWithFiberInDEV (http://localhost:5173/node_modules/.vite/deps/react-dom_client.js?v=5cf50dfa:997:72)
    at commitHookEffectListMount (http://localhost:5173/node_modules/.vite/deps/react-dom_client.js?v=5cf50dfa:9411:163)
    at commitHookPassiveMountEffects (http://localhost:5173/node_modules/.vite/deps/react-dom_client.js?v=5cf50dfa:9465:60)
    at reconnectPassiveEffects (http://localhost:5173/node_modules/.vite/deps/react-dom_client.js?v=5cf50dfa:11273:13)
    at recursivelyTraverseReconnectPassiveEffects (http://localhost:5173/node_modules/.vite/deps/react-dom_client.js?v=5cf50dfa:11240:11)
    at reconnectPassiveEffects (http://localhost:5173/node_modules/.vite/deps/react-dom_client.js?v=5cf50dfa:11317:13) @ http://localhost:5173/src/stores/appStore.ts:15
[ 4706538ms] [ERROR] init error: TypeError: Cannot read properties of undefined (reading 'invoke')
    at invoke (http://localhost:5173/node_modules/.vite/deps/chunk-ES5NGWZA.js?v=5cf50dfa:109:37)
    at Object.init (http://localhost:5173/src/stores/appStore.ts:9:29)
    at http://localhost:5173/src/components/AppShell.tsx:35:33
    at Object.react_stack_bottom_frame (http://localhost:5173/node_modules/.vite/deps/react-dom_client.js?v=5cf50dfa:18567:20)
    at runWithFiberInDEV (http://localhost:5173/node_modules/.vite/deps/react-dom_client.js?v=5cf50dfa:997:72)
    at commitHookEffectListMount (http://localhost:5173/node_modules/.vite/deps/react-dom_client.js?v=5cf50dfa:9411:163)
    at commitHookPassiveMountEffects (http://localhost:5173/node_modules/.vite/deps/react-dom_client.js?v=5cf50dfa:9465:60)
    at commitPassiveMountOnFiber (http://localhost:5173/node_modules/.vite/deps/react-dom_client.js?v=5cf50dfa:11040:29)
    at recursivelyTraversePassiveMountEffects (http://localhost:5173/node_modules/.vite/deps/react-dom_client.js?v=5cf50dfa:11010:13)
    at commitPassiveMountOnFiber (http://localhost:5173/node_modules/.vite/deps/react-dom_client.js?v=5cf50dfa:11201:13) @ http://localhost:5173/src/stores/appStore.ts:15
[ 4706538ms] [ERROR] init error: TypeError: Cannot read properties of undefined (reading 'invoke')
    at invoke (http://localhost:5173/node_modules/.vite/deps/chunk-ES5NGWZA.js?v=5cf50dfa:109:37)
    at Object.init (http://localhost:5173/src/stores/appStore.ts:9:29)
    at http://localhost:5173/src/components/AppShell.tsx:35:33
    at Object.react_stack_bottom_frame (http://localhost:5173/node_modules/.vite/deps/react-dom_client.js?v=5cf50dfa:18567:20)
    at runWithFiberInDEV (http://localhost:5173/node_modules/.vite/deps/react-dom_client.js?v=5cf50dfa:997:72)
    at commitHookEffectListMount (http://localhost:5173/node_modules/.vite/deps/react-dom_client.js?v=5cf50dfa:9411:163)
    at commitHookPassiveMountEffects (http://localhost:5173/node_modules/.vite/deps/react-dom_client.js?v=5cf50dfa:9465:60)
    at reconnectPassiveEffects (http://localhost:5173/node_modules/.vite/deps/react-dom_client.js?v=5cf50dfa:11273:13)
    at recursivelyTraverseReconnectPassiveEffects (http://localhost:5173/node_modules/.vite/deps/react-dom_client.js?v=5cf50dfa:11240:11)
    at reconnectPassiveEffects (http://localhost:5173/node_modules/.vite/deps/react-dom_client.js?v=5cf50dfa:11317:13) @ http://localhost:5173/src/stores/appStore.ts:15
[ 4778673ms] [ERROR] init error: TypeError: Cannot read properties of undefined (reading 'invoke')
    at invoke (http://localhost:5173/node_modules/.vite/deps/chunk-ES5NGWZA.js?v=5cf50dfa:109:37)
    at Object.init (http://localhost:5173/src/stores/appStore.ts:9:29)
    at http://localhost:5173/src/components/AppShell.tsx:35:33
    at Object.react_stack_bottom_frame (http://localhost:5173/node_modules/.vite/deps/react-dom_client.js?v=5cf50dfa:18567:20)
    at runWithFiberInDEV (http://localhost:5173/node_modules/.vite/deps/react-dom_client.js?v=5cf50dfa:997:72)
    at commitHookEffectListMount (http://localhost:5173/node_modules/.vite/deps/react-dom_client.js?v=5cf50dfa:9411:163)
    at commitHookPassiveMountEffects (http://localhost:5173/node_modules/.vite/deps/react-dom_client.js?v=5cf50dfa:9465:60)
    at commitPassiveMountOnFiber (http://localhost:5173/node_modules/.vite/deps/react-dom_client.js?v=5cf50dfa:11040:29)
    at recursivelyTraversePassiveMountEffects (http://localhost:5173/node_modules/.vite/deps/react-dom_client.js?v=5cf50dfa:11010:13)
    at commitPassiveMountOnFiber (http://localhost:5173/node_modules/.vite/deps/react-dom_client.js?v=5cf50dfa:11201:13) @ http://localhost:5173/src/stores/appStore.ts:15
[ 4778673ms] [ERROR] init error: TypeError: Cannot read properties of undefined (reading 'invoke')
    at invoke (http://localhost:5173/node_modules/.vite/deps/chunk-ES5NGWZA.js?v=5cf50dfa:109:37)
    at Object.init (http://localhost:5173/src/stores/appStore.ts:9:29)
    at http://localhost:5173/src/components/AppShell.tsx:35:33
    at Object.react_stack_bottom_frame (http://localhost:5173/node_modules/.vite/deps/react-dom_client.js?v=5cf50dfa:18567:20)
    at runWithFiberInDEV (http://localhost:5173/node_modules/.vite/deps/react-dom_client.js?v=5cf50dfa:997:72)
    at commitHookEffectListMount (http://localhost:5173/node_modules/.vite/deps/react-dom_client.js?v=5cf50dfa:9411:163)
    at commitHookPassiveMountEffects (http://localhost:5173/node_modules/.vite/deps/react-dom_client.js?v=5cf50dfa:9465:60)
    at reconnectPassiveEffects (http://localhost:5173/node_modules/.vite/deps/react-dom_client.js?v=5cf50dfa:11273:13)
    at recursivelyTraverseReconnectPassiveEffects (http://localhost:5173/node_modules/.vite/deps/react-dom_client.js?v=5cf50dfa:11240:11)
    at reconnectPassiveEffects (http://localhost:5173/node_modules/.vite/deps/react-dom_client.js?v=5cf50dfa:11317:13) @ http://localhost:5173/src/stores/appStore.ts:15
[ 5517125ms] [ERROR] init error: TypeError: Cannot read properties of undefined (reading 'invoke')
    at invoke (http://localhost:5173/node_modules/.vite/deps/chunk-ES5NGWZA.js?v=5cf50dfa:109:37)
    at Object.init (http://localhost:5173/src/stores/appStore.ts:9:29)
    at http://localhost:5173/src/components/AppShell.tsx?t=1773615848567:35:33
    at Object.react_stack_bottom_frame (http://localhost:5173/node_modules/.vite/deps/react-dom_client.js?v=5cf50dfa:18567:20)
    at runWithFiberInDEV (http://localhost:5173/node_modules/.vite/deps/react-dom_client.js?v=5cf50dfa:997:72)
    at commitHookEffectListMount (http://localhost:5173/node_modules/.vite/deps/react-dom_client.js?v=5cf50dfa:9411:163)
    at commitHookPassiveMountEffects (http://localhost:5173/node_modules/.vite/deps/react-dom_client.js?v=5cf50dfa:9465:60)
    at commitPassiveMountOnFiber (http://localhost:5173/node_modules/.vite/deps/react-dom_client.js?v=5cf50dfa:11040:29)
    at recursivelyTraversePassiveMountEffects (http://localhost:5173/node_modules/.vite/deps/react-dom_client.js?v=5cf50dfa:11010:13)
    at commitPassiveMountOnFiber (http://localhost:5173/node_modules/.vite/deps/react-dom_client.js?v=5cf50dfa:11201:13) @ http://localhost:5173/src/stores/appStore.ts:15
[ 5517125ms] [ERROR] init error: TypeError: Cannot read properties of undefined (reading 'invoke')
    at invoke (http://localhost:5173/node_modules/.vite/deps/chunk-ES5NGWZA.js?v=5cf50dfa:109:37)
    at Object.init (http://localhost:5173/src/stores/appStore.ts:9:29)
    at http://localhost:5173/src/components/AppShell.tsx?t=1773615848567:35:33
    at Object.react_stack_bottom_frame (http://localhost:5173/node_modules/.vite/deps/react-dom_client.js?v=5cf50dfa:18567:20)
    at runWithFiberInDEV (http://localhost:5173/node_modules/.vite/deps/react-dom_client.js?v=5cf50dfa:997:72)
    at commitHookEffectListMount (http://localhost:5173/node_modules/.vite/deps/react-dom_client.js?v=5cf50dfa:9411:163)
    at commitHookPassiveMountEffects (http://localhost:5173/node_modules/.vite/deps/react-dom_client.js?v=5cf50dfa:9465:60)
    at reconnectPassiveEffects (http://localhost:5173/node_modules/.vite/deps/react-dom_client.js?v=5cf50dfa:11273:13)
    at recursivelyTraverseReconnectPassiveEffects (http://localhost:5173/node_modules/.vite/deps/react-dom_client.js?v=5cf50dfa:11240:11)
    at reconnectPassiveEffects (http://localhost:5173/node_modules/.vite/deps/react-dom_client.js?v=5cf50dfa:11317:13) @ http://localhost:5173/src/stores/appStore.ts:15
[ 5517273ms] [ERROR] init error: TypeError: Cannot read properties of undefined (reading 'invoke')
    at invoke (http://localhost:5173/node_modules/.vite/deps/chunk-ES5NGWZA.js?v=7abc6ae7:109:37)
    at Object.init (http://localhost:5173/src/stores/appStore.ts:9:29)
    at http://localhost:5173/src/components/AppShell.tsx?t=1773615848567:35:33
    at Object.react_stack_bottom_frame (http://localhost:5173/node_modules/.vite/deps/react-dom_client.js?v=7abc6ae7:18567:20)
    at runWithFiberInDEV (http://localhost:5173/node_modules/.vite/deps/react-dom_client.js?v=7abc6ae7:997:72)
    at commitHookEffectListMount (http://localhost:5173/node_modules/.vite/deps/react-dom_client.js?v=7abc6ae7:9411:163)
    at commitHookPassiveMountEffects (http://localhost:5173/node_modules/.vite/deps/react-dom_client.js?v=7abc6ae7:9465:60)
    at commitPassiveMountOnFiber (http://localhost:5173/node_modules/.vite/deps/react-dom_client.js?v=7abc6ae7:11040:29)
    at recursivelyTraversePassiveMountEffects (http://localhost:5173/node_modules/.vite/deps/react-dom_client.js?v=7abc6ae7:11010:13)
    at commitPassiveMountOnFiber (http://localhost:5173/node_modules/.vite/deps/react-dom_client.js?v=7abc6ae7:11201:13) @ http://localhost:5173/src/stores/appStore.ts:15
[ 5517273ms] [ERROR] init error: TypeError: Cannot read properties of undefined (reading 'invoke')
    at invoke (http://localhost:5173/node_modules/.vite/deps/chunk-ES5NGWZA.js?v=7abc6ae7:109:37)
    at Object.init (http://localhost:5173/src/stores/appStore.ts:9:29)
    at http://localhost:5173/src/components/AppShell.tsx?t=1773615848567:35:33
    at Object.react_stack_bottom_frame (http://localhost:5173/node_modules/.vite/deps/react-dom_client.js?v=7abc6ae7:18567:20)
    at runWithFiberInDEV (http://localhost:5173/node_modules/.vite/deps/react-dom_client.js?v=7abc6ae7:997:72)
    at commitHookEffectListMount (http://localhost:5173/node_modules/.vite/deps/react-dom_client.js?v=7abc6ae7:9411:163)
    at commitHookPassiveMountEffects (http://localhost:5173/node_modules/.vite/deps/react-dom_client.js?v=7abc6ae7:9465:60)
    at reconnectPassiveEffects (http://localhost:5173/node_modules/.vite/deps/react-dom_client.js?v=7abc6ae7:11273:13)
    at recursivelyTraverseReconnectPassiveEffects (http://localhost:5173/node_modules/.vite/deps/react-dom_client.js?v=7abc6ae7:11240:11)
    at reconnectPassiveEffects (http://localhost:5173/node_modules/.vite/deps/react-dom_client.js?v=7abc6ae7:11317:13) @ http://localhost:5173/src/stores/appStore.ts:15
[ 5773047ms] [ERROR] init error: TypeError: Cannot read properties of undefined (reading 'invoke')
    at invoke (http://localhost:5173/node_modules/.vite/deps/chunk-ES5NGWZA.js?v=7abc6ae7:109:37)
    at Object.init (http://localhost:5173/src/stores/appStore.ts:9:29)
    at http://localhost:5173/src/components/AppShell.tsx?t=1773615848567:35:33
    at Object.react_stack_bottom_frame (http://localhost:5173/node_modules/.vite/deps/react-dom_client.js?v=7abc6ae7:18567:20)
    at runWithFiberInDEV (http://localhost:5173/node_modules/.vite/deps/react-dom_client.js?v=7abc6ae7:997:72)
    at commitHookEffectListMount (http://localhost:5173/node_modules/.vite/deps/react-dom_client.js?v=7abc6ae7:9411:163)
    at commitHookPassiveMountEffects (http://localhost:5173/node_modules/.vite/deps/react-dom_client.js?v=7abc6ae7:9465:60)
    at commitPassiveMountOnFiber (http://localhost:5173/node_modules/.vite/deps/react-dom_client.js?v=7abc6ae7:11040:29)
    at recursivelyTraversePassiveMountEffects (http://localhost:5173/node_modules/.vite/deps/react-dom_client.js?v=7abc6ae7:11010:13)
    at commitPassiveMountOnFiber (http://localhost:5173/node_modules/.vite/deps/react-dom_client.js?v=7abc6ae7:11201:13) @ http://localhost:5173/src/stores/appStore.ts:15
[ 5773047ms] [ERROR] init error: TypeError: Cannot read properties of undefined (reading 'invoke')
    at invoke (http://localhost:5173/node_modules/.vite/deps/chunk-ES5NGWZA.js?v=7abc6ae7:109:37)
    at Object.init (http://localhost:5173/src/stores/appStore.ts:9:29)
    at http://localhost:5173/src/components/AppShell.tsx?t=1773615848567:35:33
    at Object.react_stack_bottom_frame (http://localhost:5173/node_modules/.vite/deps/react-dom_client.js?v=7abc6ae7:18567:20)
    at runWithFiberInDEV (http://localhost:5173/node_modules/.vite/deps/react-dom_client.js?v=7abc6ae7:997:72)
    at commitHookEffectListMount (http://localhost:5173/node_modules/.vite/deps/react-dom_client.js?v=7abc6ae7:9411:163)
    at commitHookPassiveMountEffects (http://localhost:5173/node_modules/.vite/deps/react-dom_client.js?v=7abc6ae7:9465:60)
    at reconnectPassiveEffects (http://localhost:5173/node_modules/.vite/deps/react-dom_client.js?v=7abc6ae7:11273:13)
    at recursivelyTraverseReconnectPassiveEffects (http://localhost:5173/node_modules/.vite/deps/react-dom_client.js?v=7abc6ae7:11240:11)
    at reconnectPassiveEffects (http://localhost:5173/node_modules/.vite/deps/react-dom_client.js?v=7abc6ae7:11317:13) @ http://localhost:5173/src/stores/appStore.ts:15
[ 5889961ms] [ERROR] init error: TypeError: Cannot read properties of undefined (reading 'invoke')
    at invoke (http://localhost:5173/node_modules/.vite/deps/chunk-ES5NGWZA.js?v=7abc6ae7:109:37)
    at Object.init (http://localhost:5173/src/stores/appStore.ts:9:29)
    at http://localhost:5173/src/components/AppShell.tsx?t=1773616218276:35:33
    at Object.react_stack_bottom_frame (http://localhost:5173/node_modules/.vite/deps/react-dom_client.js?v=7abc6ae7:18567:20)
    at runWithFiberInDEV (http://localhost:5173/node_modules/.vite/deps/react-dom_client.js?v=7abc6ae7:997:72)
    at commitHookEffectListMount (http://localhost:5173/node_modules/.vite/deps/react-dom_client.js?v=7abc6ae7:9411:163)
    at commitHookPassiveMountEffects (http://localhost:5173/node_modules/.vite/deps/react-dom_client.js?v=7abc6ae7:9465:60)
    at commitPassiveMountOnFiber (http://localhost:5173/node_modules/.vite/deps/react-dom_client.js?v=7abc6ae7:11040:29)
    at recursivelyTraversePassiveMountEffects (http://localhost:5173/node_modules/.vite/deps/react-dom_client.js?v=7abc6ae7:11010:13)
    at commitPassiveMountOnFiber (http://localhost:5173/node_modules/.vite/deps/react-dom_client.js?v=7abc6ae7:11201:13) @ http://localhost:5173/src/stores/appStore.ts:15
[ 5889961ms] [ERROR] init error: TypeError: Cannot read properties of undefined (reading 'invoke')
    at invoke (http://localhost:5173/node_modules/.vite/deps/chunk-ES5NGWZA.js?v=7abc6ae7:109:37)
    at Object.init (http://localhost:5173/src/stores/appStore.ts:9:29)
    at http://localhost:5173/src/components/AppShell.tsx?t=1773616218276:35:33
    at Object.react_stack_bottom_frame (http://localhost:5173/node_modules/.vite/deps/react-dom_client.js?v=7abc6ae7:18567:20)
    at runWithFiberInDEV (http://localhost:5173/node_modules/.vite/deps/react-dom_client.js?v=7abc6ae7:997:72)
    at commitHookEffectListMount (http://localhost:5173/node_modules/.vite/deps/react-dom_client.js?v=7abc6ae7:9411:163)
    at commitHookPassiveMountEffects (http://localhost:5173/node_modules/.vite/deps/react-dom_client.js?v=7abc6ae7:9465:60)
    at reconnectPassiveEffects (http://localhost:5173/node_modules/.vite/deps/react-dom_client.js?v=7abc6ae7:11273:13)
    at recursivelyTraverseReconnectPassiveEffects (http://localhost:5173/node_modules/.vite/deps/react-dom_client.js?v=7abc6ae7:11240:11)
    at reconnectPassiveEffects (http://localhost:5173/node_modules/.vite/deps/react-dom_client.js?v=7abc6ae7:11317:13) @ http://localhost:5173/src/stores/appStore.ts:15
[ 5893746ms] [ERROR] init error: TypeError: Cannot read properties of undefined (reading 'invoke')
    at invoke (http://localhost:5173/node_modules/.vite/deps/chunk-ES5NGWZA.js?v=7abc6ae7:109:37)
    at Object.init (http://localhost:5173/src/stores/appStore.ts:9:29)
    at http://localhost:5173/src/components/AppShell.tsx?t=1773616218276:35:33
    at Object.react_stack_bottom_frame (http://localhost:5173/node_modules/.vite/deps/react-dom_client.js?v=7abc6ae7:18567:20)
    at runWithFiberInDEV (http://localhost:5173/node_modules/.vite/deps/react-dom_client.js?v=7abc6ae7:997:72)
    at commitHookEffectListMount (http://localhost:5173/node_modules/.vite/deps/react-dom_client.js?v=7abc6ae7:9411:163)
    at commitHookPassiveMountEffects (http://localhost:5173/node_modules/.vite/deps/react-dom_client.js?v=7abc6ae7:9465:60)
    at commitPassiveMountOnFiber (http://localhost:5173/node_modules/.vite/deps/react-dom_client.js?v=7abc6ae7:11040:29)
    at recursivelyTraversePassiveMountEffects (http://localhost:5173/node_modules/.vite/deps/react-dom_client.js?v=7abc6ae7:11010:13)
    at commitPassiveMountOnFiber (http://localhost:5173/node_modules/.vite/deps/react-dom_client.js?v=7abc6ae7:11201:13) @ http://localhost:5173/src/stores/appStore.ts:15
[ 5893746ms] [ERROR] init error: TypeError: Cannot read properties of undefined (reading 'invoke')
    at invoke (http://localhost:5173/node_modules/.vite/deps/chunk-ES5NGWZA.js?v=7abc6ae7:109:37)
    at Object.init (http://localhost:5173/src/stores/appStore.ts:9:29)
    at http://localhost:5173/src/components/AppShell.tsx?t=1773616218276:35:33
    at Object.react_stack_bottom_frame (http://localhost:5173/node_modules/.vite/deps/react-dom_client.js?v=7abc6ae7:18567:20)
    at runWithFiberInDEV (http://localhost:5173/node_modules/.vite/deps/react-dom_client.js?v=7abc6ae7:997:72)
    at commitHookEffectListMount (http://localhost:5173/node_modules/.vite/deps/react-dom_client.js?v=7abc6ae7:9411:163)
    at commitHookPassiveMountEffects (http://localhost:5173/node_modules/.vite/deps/react-dom_client.js?v=7abc6ae7:9465:60)
    at reconnectPassiveEffects (http://localhost:5173/node_modules/.vite/deps/react-dom_client.js?v=7abc6ae7:11273:13)
    at recursivelyTraverseReconnectPassiveEffects (http://localhost:5173/node_modules/.vite/deps/react-dom_client.js?v=7abc6ae7:11240:11)
    at reconnectPassiveEffects (http://localhost:5173/node_modules/.vite/deps/react-dom_client.js?v=7abc6ae7:11317:13) @ http://localhost:5173/src/stores/appStore.ts:15
[10145935ms] [ERROR] init error: TypeError: Cannot read properties of undefined (reading 'invoke')
    at invoke (http://localhost:5173/node_modules/.vite/deps/chunk-ES5NGWZA.js?v=7abc6ae7:109:37)
    at Object.init (http://localhost:5173/src/stores/appStore.ts:9:29)
    at http://localhost:5173/src/components/AppShell.tsx?t=1773616218276:35:33
    at Object.react_stack_bottom_frame (http://localhost:5173/node_modules/.vite/deps/react-dom_client.js?v=7abc6ae7:18567:20)
    at runWithFiberInDEV (http://localhost:5173/node_modules/.vite/deps/react-dom_client.js?v=7abc6ae7:997:72)
    at commitHookEffectListMount (http://localhost:5173/node_modules/.vite/deps/react-dom_client.js?v=7abc6ae7:9411:163)
    at commitHookPassiveMountEffects (http://localhost:5173/node_modules/.vite/deps/react-dom_client.js?v=7abc6ae7:9465:60)
    at commitPassiveMountOnFiber (http://localhost:5173/node_modules/.vite/deps/react-dom_client.js?v=7abc6ae7:11040:29)
    at recursivelyTraversePassiveMountEffects (http://localhost:5173/node_modules/.vite/deps/react-dom_client.js?v=7abc6ae7:11010:13)
    at commitPassiveMountOnFiber (http://localhost:5173/node_modules/.vite/deps/react-dom_client.js?v=7abc6ae7:11201:13) @ http://localhost:5173/src/stores/appStore.ts:15
[10145935ms] [ERROR] init error: TypeError: Cannot read properties of undefined (reading 'invoke')
    at invoke (http://localhost:5173/node_modules/.vite/deps/chunk-ES5NGWZA.js?v=7abc6ae7:109:37)
    at Object.init (http://localhost:5173/src/stores/appStore.ts:9:29)
    at http://localhost:5173/src/components/AppShell.tsx?t=1773616218276:35:33
    at Object.react_stack_bottom_frame (http://localhost:5173/node_modules/.vite/deps/react-dom_client.js?v=7abc6ae7:18567:20)
    at runWithFiberInDEV (http://localhost:5173/node_modules/.vite/deps/react-dom_client.js?v=7abc6ae7:997:72)
    at commitHookEffectListMount (http://localhost:5173/node_modules/.vite/deps/react-dom_client.js?v=7abc6ae7:9411:163)
    at commitHookPassiveMountEffects (http://localhost:5173/node_modules/.vite/deps/react-dom_client.js?v=7abc6ae7:9465:60)
    at reconnectPassiveEffects (http://localhost:5173/node_modules/.vite/deps/react-dom_client.js?v=7abc6ae7:11273:13)
    at recursivelyTraverseReconnectPassiveEffects (http://localhost:5173/node_modules/.vite/deps/react-dom_client.js?v=7abc6ae7:11240:11)
    at reconnectPassiveEffects (http://localhost:5173/node_modules/.vite/deps/react-dom_client.js?v=7abc6ae7:11317:13) @ http://localhost:5173/src/stores/appStore.ts:15
[12420255ms] [ERROR] init error: TypeError: Cannot read properties of undefined (reading 'invoke')
    at invoke (http://localhost:5173/node_modules/.vite/deps/chunk-ES5NGWZA.js?v=7abc6ae7:109:37)
    at Object.init (http://localhost:5173/src/stores/appStore.ts:9:29)
    at http://localhost:5173/src/components/AppShell.tsx?t=1773616218276:35:33
    at Object.react_stack_bottom_frame (http://localhost:5173/node_modules/.vite/deps/react-dom_client.js?v=7abc6ae7:18567:20)
    at runWithFiberInDEV (http://localhost:5173/node_modules/.vite/deps/react-dom_client.js?v=7abc6ae7:997:72)
    at commitHookEffectListMount (http://localhost:5173/node_modules/.vite/deps/react-dom_client.js?v=7abc6ae7:9411:163)
    at commitHookPassiveMountEffects (http://localhost:5173/node_modules/.vite/deps/react-dom_client.js?v=7abc6ae7:9465:60)
    at commitPassiveMountOnFiber (http://localhost:5173/node_modules/.vite/deps/react-dom_client.js?v=7abc6ae7:11040:29)
    at recursivelyTraversePassiveMountEffects (http://localhost:5173/node_modules/.vite/deps/react-dom_client.js?v=7abc6ae7:11010:13)
    at commitPassiveMountOnFiber (http://localhost:5173/node_modules/.vite/deps/react-dom_client.js?v=7abc6ae7:11201:13) @ http://localhost:5173/src/stores/appStore.ts:15
[12420255ms] [ERROR] init error: TypeError: Cannot read properties of undefined (reading 'invoke')
    at invoke (http://localhost:5173/node_modules/.vite/deps/chunk-ES5NGWZA.js?v=7abc6ae7:109:37)
    at Object.init (http://localhost:5173/src/stores/appStore.ts:9:29)
    at http://localhost:5173/src/components/AppShell.tsx?t=1773616218276:35:33
    at Object.react_stack_bottom_frame (http://localhost:5173/node_modules/.vite/deps/react-dom_client.js?v=7abc6ae7:18567:20)
    at runWithFiberInDEV (http://localhost:5173/node_modules/.vite/deps/react-dom_client.js?v=7abc6ae7:997:72)
    at commitHookEffectListMount (http://localhost:5173/node_modules/.vite/deps/react-dom_client.js?v=7abc6ae7:9411:163)
    at commitHookPassiveMountEffects (http://localhost:5173/node_modules/.vite/deps/react-dom_client.js?v=7abc6ae7:9465:60)
    at reconnectPassiveEffects (http://localhost:5173/node_modules/.vite/deps/react-dom_client.js?v=7abc6ae7:11273:13)
    at recursivelyTraverseReconnectPassiveEffects (http://localhost:5173/node_modules/.vite/deps/react-dom_client.js?v=7abc6ae7:11240:11)
    at reconnectPassiveEffects (http://localhost:5173/node_modules/.vite/deps/react-dom_client.js?v=7abc6ae7:11317:13) @ http://localhost:5173/src/stores/appStore.ts:15
[12506883ms] [ERROR] init error: TypeError: Cannot read properties of undefined (reading 'invoke')
    at invoke (http://localhost:5173/node_modules/.vite/deps/chunk-ES5NGWZA.js?v=7abc6ae7:109:37)
    at Object.init (http://localhost:5173/src/stores/appStore.ts:9:29)
    at http://localhost:5173/src/components/AppShell.tsx?t=1773622838506:35:33
    at Object.react_stack_bottom_frame (http://localhost:5173/node_modules/.vite/deps/react-dom_client.js?v=7abc6ae7:18567:20)
    at runWithFiberInDEV (http://localhost:5173/node_modules/.vite/deps/react-dom_client.js?v=7abc6ae7:997:72)
    at commitHookEffectListMount (http://localhost:5173/node_modules/.vite/deps/react-dom_client.js?v=7abc6ae7:9411:163)
    at commitHookPassiveMountEffects (http://localhost:5173/node_modules/.vite/deps/react-dom_client.js?v=7abc6ae7:9465:60)
    at commitPassiveMountOnFiber (http://localhost:5173/node_modules/.vite/deps/react-dom_client.js?v=7abc6ae7:11040:29)
    at recursivelyTraversePassiveMountEffects (http://localhost:5173/node_modules/.vite/deps/react-dom_client.js?v=7abc6ae7:11010:13)
    at commitPassiveMountOnFiber (http://localhost:5173/node_modules/.vite/deps/react-dom_client.js?v=7abc6ae7:11201:13) @ http://localhost:5173/src/stores/appStore.ts:15
[12506883ms] [ERROR] init error: TypeError: Cannot read properties of undefined (reading 'invoke')
    at invoke (http://localhost:5173/node_modules/.vite/deps/chunk-ES5NGWZA.js?v=7abc6ae7:109:37)
    at Object.init (http://localhost:5173/src/stores/appStore.ts:9:29)
    at http://localhost:5173/src/components/AppShell.tsx?t=1773622838506:35:33
    at Object.react_stack_bottom_frame (http://localhost:5173/node_modules/.vite/deps/react-dom_client.js?v=7abc6ae7:18567:20)
    at runWithFiberInDEV (http://localhost:5173/node_modules/.vite/deps/react-dom_client.js?v=7abc6ae7:997:72)
    at commitHookEffectListMount (http://localhost:5173/node_modules/.vite/deps/react-dom_client.js?v=7abc6ae7:9411:163)
    at commitHookPassiveMountEffects (http://localhost:5173/node_modules/.vite/deps/react-dom_client.js?v=7abc6ae7:9465:60)
    at reconnectPassiveEffects (http://localhost:5173/node_modules/.vite/deps/react-dom_client.js?v=7abc6ae7:11273:13)
    at recursivelyTraverseReconnectPassiveEffects (http://localhost:5173/node_modules/.vite/deps/react-dom_client.js?v=7abc6ae7:11240:11)
    at reconnectPassiveEffects (http://localhost:5173/node_modules/.vite/deps/react-dom_client.js?v=7abc6ae7:11317:13) @ http://localhost:5173/src/stores/appStore.ts:15
[12511842ms] [ERROR] init error: TypeError: Cannot read properties of undefined (reading 'invoke')
    at invoke (http://localhost:5173/node_modules/.vite/deps/chunk-ES5NGWZA.js?v=7abc6ae7:109:37)
    at Object.init (http://localhost:5173/src/stores/appStore.ts:9:29)
    at http://localhost:5173/src/components/AppShell.tsx?t=1773622843548:35:33
    at Object.react_stack_bottom_frame (http://localhost:5173/node_modules/.vite/deps/react-dom_client.js?v=7abc6ae7:18567:20)
    at runWithFiberInDEV (http://localhost:5173/node_modules/.vite/deps/react-dom_client.js?v=7abc6ae7:997:72)
    at commitHookEffectListMount (http://localhost:5173/node_modules/.vite/deps/react-dom_client.js?v=7abc6ae7:9411:163)
    at commitHookPassiveMountEffects (http://localhost:5173/node_modules/.vite/deps/react-dom_client.js?v=7abc6ae7:9465:60)
    at commitPassiveMountOnFiber (http://localhost:5173/node_modules/.vite/deps/react-dom_client.js?v=7abc6ae7:11040:29)
    at recursivelyTraversePassiveMountEffects (http://localhost:5173/node_modules/.vite/deps/react-dom_client.js?v=7abc6ae7:11010:13)
    at commitPassiveMountOnFiber (http://localhost:5173/node_modules/.vite/deps/react-dom_client.js?v=7abc6ae7:11201:13) @ http://localhost:5173/src/stores/appStore.ts:15
[12511842ms] [ERROR] init error: TypeError: Cannot read properties of undefined (reading 'invoke')
    at invoke (http://localhost:5173/node_modules/.vite/deps/chunk-ES5NGWZA.js?v=7abc6ae7:109:37)
    at Object.init (http://localhost:5173/src/stores/appStore.ts:9:29)
    at http://localhost:5173/src/components/AppShell.tsx?t=1773622843548:35:33
    at Object.react_stack_bottom_frame (http://localhost:5173/node_modules/.vite/deps/react-dom_client.js?v=7abc6ae7:18567:20)
    at runWithFiberInDEV (http://localhost:5173/node_modules/.vite/deps/react-dom_client.js?v=7abc6ae7:997:72)
    at commitHookEffectListMount (http://localhost:5173/node_modules/.vite/deps/react-dom_client.js?v=7abc6ae7:9411:163)
    at commitHookPassiveMountEffects (http://localhost:5173/node_modules/.vite/deps/react-dom_client.js?v=7abc6ae7:9465:60)
    at reconnectPassiveEffects (http://localhost:5173/node_modules/.vite/deps/react-dom_client.js?v=7abc6ae7:11273:13)
    at recursivelyTraverseReconnectPassiveEffects (http://localhost:5173/node_modules/.vite/deps/react-dom_client.js?v=7abc6ae7:11240:11)
    at reconnectPassiveEffects (http://localhost:5173/node_modules/.vite/deps/react-dom_client.js?v=7abc6ae7:11317:13) @ http://localhost:5173/src/stores/appStore.ts:15
[12516785ms] [ERROR] init error: TypeError: Cannot read properties of undefined (reading 'invoke')
    at invoke (http://localhost:5173/node_modules/.vite/deps/chunk-ES5NGWZA.js?v=7abc6ae7:109:37)
    at Object.init (http://localhost:5173/src/stores/appStore.ts:9:29)
    at http://localhost:5173/src/components/AppShell.tsx?t=1773622848566:37:33
    at Object.react_stack_bottom_frame (http://localhost:5173/node_modules/.vite/deps/react-dom_client.js?v=7abc6ae7:18567:20)
    at runWithFiberInDEV (http://localhost:5173/node_modules/.vite/deps/react-dom_client.js?v=7abc6ae7:997:72)
    at commitHookEffectListMount (http://localhost:5173/node_modules/.vite/deps/react-dom_client.js?v=7abc6ae7:9411:163)
    at commitHookPassiveMountEffects (http://localhost:5173/node_modules/.vite/deps/react-dom_client.js?v=7abc6ae7:9465:60)
    at commitPassiveMountOnFiber (http://localhost:5173/node_modules/.vite/deps/react-dom_client.js?v=7abc6ae7:11040:29)
    at recursivelyTraversePassiveMountEffects (http://localhost:5173/node_modules/.vite/deps/react-dom_client.js?v=7abc6ae7:11010:13)
    at commitPassiveMountOnFiber (http://localhost:5173/node_modules/.vite/deps/react-dom_client.js?v=7abc6ae7:11201:13) @ http://localhost:5173/src/stores/appStore.ts:15
[13977207ms] [ERROR] init error: TypeError: Cannot read properties of undefined (reading 'invoke')
    at invoke (http://localhost:5173/node_modules/.vite/deps/chunk-ES5NGWZA.js?v=7abc6ae7:109:37)
    at Object.init (http://localhost:5173/src/stores/appStore.ts:9:29)
    at http://localhost:5173/src/components/AppShell.tsx?t=1773624308987:35:33
    at Object.react_stack_bottom_frame (http://localhost:5173/node_modules/.vite/deps/react-dom_client.js?v=7abc6ae7:18567:20)
    at runWithFiberInDEV (http://localhost:5173/node_modules/.vite/deps/react-dom_client.js?v=7abc6ae7:997:72)
    at commitHookEffectListMount (http://localhost:5173/node_modules/.vite/deps/react-dom_client.js?v=7abc6ae7:9411:163)
    at commitHookPassiveMountEffects (http://localhost:5173/node_modules/.vite/deps/react-dom_client.js?v=7abc6ae7:9465:60)
    at commitPassiveMountOnFiber (http://localhost:5173/node_modules/.vite/deps/react-dom_client.js?v=7abc6ae7:11040:29)
    at recursivelyTraversePassiveMountEffects (http://localhost:5173/node_modules/.vite/deps/react-dom_client.js?v=7abc6ae7:11010:13)
    at commitPassiveMountOnFiber (http://localhost:5173/node_modules/.vite/deps/react-dom_client.js?v=7abc6ae7:11201:13) @ http://localhost:5173/src/stores/appStore.ts:15
[13977283ms] [ERROR] init error: TypeError: Cannot read properties of undefined (reading 'invoke')
    at invoke (http://localhost:5173/node_modules/.vite/deps/chunk-ES5NGWZA.js?v=7abc6ae7:109:37)
    at Object.init (http://localhost:5173/src/stores/appStore.ts:9:29)
    at http://localhost:5173/src/components/AppShell.tsx?t=1773624308987:35:33
    at Object.react_stack_bottom_frame (http://localhost:5173/node_modules/.vite/deps/react-dom_client.js?v=7abc6ae7:18567:20)
    at runWithFiberInDEV (http://localhost:5173/node_modules/.vite/deps/react-dom_client.js?v=7abc6ae7:997:72)
    at commitHookEffectListMount (http://localhost:5173/node_modules/.vite/deps/react-dom_client.js?v=7abc6ae7:9411:163)
    at commitHookPassiveMountEffects (http://localhost:5173/node_modules/.vite/deps/react-dom_client.js?v=7abc6ae7:9465:60)
    at commitPassiveMountOnFiber (http://localhost:5173/node_modules/.vite/deps/react-dom_client.js?v=7abc6ae7:11040:29)
    at recursivelyTraversePassiveMountEffects (http://localhost:5173/node_modules/.vite/deps/react-dom_client.js?v=7abc6ae7:11010:13)
    at commitPassiveMountOnFiber (http://localhost:5173/node_modules/.vite/deps/react-dom_client.js?v=7abc6ae7:11201:13) @ http://localhost:5173/src/stores/appStore.ts:15
[13977283ms] [ERROR] init error: TypeError: Cannot read properties of undefined (reading 'invoke')
    at invoke (http://localhost:5173/node_modules/.vite/deps/chunk-ES5NGWZA.js?v=7abc6ae7:109:37)
    at Object.init (http://localhost:5173/src/stores/appStore.ts:9:29)
    at http://localhost:5173/src/components/AppShell.tsx?t=1773624308987:35:33
    at Object.react_stack_bottom_frame (http://localhost:5173/node_modules/.vite/deps/react-dom_client.js?v=7abc6ae7:18567:20)
    at runWithFiberInDEV (http://localhost:5173/node_modules/.vite/deps/react-dom_client.js?v=7abc6ae7:997:72)
    at commitHookEffectListMount (http://localhost:5173/node_modules/.vite/deps/react-dom_client.js?v=7abc6ae7:9411:163)
    at commitHookPassiveMountEffects (http://localhost:5173/node_modules/.vite/deps/react-dom_client.js?v=7abc6ae7:9465:60)
    at reconnectPassiveEffects (http://localhost:5173/node_modules/.vite/deps/react-dom_client.js?v=7abc6ae7:11273:13)
    at recursivelyTraverseReconnectPassiveEffects (http://localhost:5173/node_modules/.vite/deps/react-dom_client.js?v=7abc6ae7:11240:11)
    at reconnectPassiveEffects (http://localhost:5173/node_modules/.vite/deps/react-dom_client.js?v=7abc6ae7:11317:13) @ http://localhost:5173/src/stores/appStore.ts:15
